Using pre-set license
Built from '2022.3/staging' branch; Version is '2022.3.9f1 (ea401c316338) revision 15351836'; Using compiler version '192829333'; Build Type 'Release'
OS: 'Windows 10  (10.0.19045) 64bit Core' Language: 'en' Physical Memory: 32637 MB
BatchMode: 1, IsHumanControllingUs: 0, StartBugReporterOnCrash: 0, Is64bit: 1, IsPro: 1

COMMAND LINE ARGUMENTS:
C:\Program Files\Unity\Hub\Editor\2022.3.9f1\Editor\Unity.exe
-adb2
-batchMode
-noUpm
-name
AssetImportWorker22
-projectPath
D:/prototype5/prototype 5
-logFile
Logs/AssetImportWorker22.log
-srvPort
52722
Successfully changed project path to: D:/prototype5/prototype 5
D:/prototype5/prototype 5
[UnityMemory] Configuration Parameters - Can be set up in boot.config
    "memorysetup-bucket-allocator-granularity=16"
    "memorysetup-bucket-allocator-bucket-count=8"
    "memorysetup-bucket-allocator-block-size=33554432"
    "memorysetup-bucket-allocator-block-count=8"
    "memorysetup-main-allocator-block-size=16777216"
    "memorysetup-thread-allocator-block-size=16777216"
    "memorysetup-gfx-main-allocator-block-size=16777216"
    "memorysetup-gfx-thread-allocator-block-size=16777216"
    "memorysetup-cache-allocator-block-size=4194304"
    "memorysetup-typetree-allocator-block-size=2097152"
    "memorysetup-profiler-bucket-allocator-granularity=16"
    "memorysetup-profiler-bucket-allocator-bucket-count=8"
    "memorysetup-profiler-bucket-allocator-block-size=33554432"
    "memorysetup-profiler-bucket-allocator-block-count=8"
    "memorysetup-profiler-allocator-block-size=16777216"
    "memorysetup-profiler-editor-allocator-block-size=1048576"
    "memorysetup-temp-allocator-size-main=16777216"
    "memorysetup-job-temp-allocator-block-size=2097152"
    "memorysetup-job-temp-allocator-block-size-background=1048576"
    "memorysetup-job-temp-allocator-reduction-small-platforms=262144"
    "memorysetup-allocator-temp-initial-block-size-main=262144"
    "memorysetup-allocator-temp-initial-block-size-worker=262144"
    "memorysetup-temp-allocator-size-background-worker=32768"
    "memorysetup-temp-allocator-size-job-worker=262144"
    "memorysetup-temp-allocator-size-preload-manager=33554432"
    "memorysetup-temp-allocator-size-nav-mesh-worker=65536"
    "memorysetup-temp-allocator-size-audio-worker=65536"
    "memorysetup-temp-allocator-size-cloud-worker=32768"
    "memorysetup-temp-allocator-size-gi-baking-worker=262144"
    "memorysetup-temp-allocator-size-gfx=262144"
Player connection [26840] Host "[IP] 10.0.0.11 [Port] 0 [Flags] 2 [Guid] 2431449399 [EditorId] 2431449399 [Version] 1048832 [Id] WindowsEditor(7,DESKTOP-I4NJ8SI) [Debug] 1 [PackageName] WindowsEditor [ProjectName] Editor" joined multi-casting on [225.0.0.222:54997]...

Player connection [26840] Host "[IP] 10.0.0.11 [Port] 0 [Flags] 2 [Guid] 2431449399 [EditorId] 2431449399 [Version] 1048832 [Id] WindowsEditor(7,DESKTOP-I4NJ8SI) [Debug] 1 [PackageName] WindowsEditor [ProjectName] Editor" joined alternative multi-casting on [225.0.0.222:34997]...

[Physics::Module] Initialized MultithreadedJobDispatcher with 15 workers.
Refreshing native plugins compatible for Editor in 4.21 ms, found 3 plugins.
Preloading 0 native plugins for Editor in 0.00 ms.
Initialize engine version: 2022.3.9f1 (ea401c316338)
[Subsystems] Discovering subsystems at path C:/Program Files/Unity/Hub/Editor/2022.3.9f1/Editor/Data/Resources/UnitySubsystems
[Subsystems] Discovering subsystems at path D:/prototype5/prototype 5/Assets
GfxDevice: creating device client; threaded=0; jobified=0
Direct3D:
    Version:  Direct3D 11.0 [level 11.1]
    Renderer: NVIDIA GeForce RTX 2060 (ID=0x1f08)
    Vendor:   NVIDIA
    VRAM:     5955 MB
    Driver:   32.0.15.6590
Initialize mono
Mono path[0] = 'C:/Program Files/Unity/Hub/Editor/2022.3.9f1/Editor/Data/Managed'
Mono path[1] = 'C:/Program Files/Unity/Hub/Editor/2022.3.9f1/Editor/Data/MonoBleedingEdge/lib/mono/unityjit-win32'
Mono config path = 'C:/Program Files/Unity/Hub/Editor/2022.3.9f1/Editor/Data/MonoBleedingEdge/etc'
Using monoOptions --debugger-agent=transport=dt_socket,embedding=1,server=y,suspend=n,address=127.0.0.1:56064
Begin MonoManager ReloadAssembly
Registering precompiled unity dll's ...
Register platform support module: C:/Program Files/Unity/Hub/Editor/2022.3.9f1/Editor/Data/PlaybackEngines/WebGLSupport/UnityEditor.WebGL.Extensions.dll
Register platform support module: C:/Program Files/Unity/Hub/Editor/2022.3.9f1/Editor/Data/PlaybackEngines/WindowsStandaloneSupport/UnityEditor.WindowsStandalone.Extensions.dll
Registered in 0.008734 seconds.
- Loaded All Assemblies, in  0.286 seconds
Native extension for WindowsStandalone target not found
Native extension for WebGL target not found
Mono: successfully reloaded assembly
- Finished resetting the current domain, in  0.203 seconds
Domain Reload Profiling: 487ms
	BeginReloadAssembly (86ms)
		ExecutionOrderSort (0ms)
		DisableScriptedObjects (0ms)
		BackupInstance (0ms)
		ReleaseScriptingObjects (0ms)
		CreateAndSetChildDomain (1ms)
	RebuildCommonClasses (26ms)
	RebuildNativeTypeToScriptingClass (8ms)
	initialDomainReloadingComplete (51ms)
	LoadAllAssembliesAndSetupDomain (112ms)
		LoadAssemblies (84ms)
		RebuildTransferFunctionScriptingTraits (0ms)
		AnalyzeDomain (110ms)
			TypeCache.Refresh (109ms)
				TypeCache.ScanAssembly (99ms)
			ScanForSourceGeneratedMonoScriptInfo (0ms)
			ResolveRequiredComponents (0ms)
	FinalizeReload (203ms)
		ReleaseScriptCaches (0ms)
		RebuildScriptCaches (0ms)
		SetupLoadedEditorAssemblies (156ms)
			LogAssemblyErrors (0ms)
			InitializePlatformSupportModulesInManaged (10ms)
			SetLoadedEditorAssemblies (4ms)
			RefreshPlugins (0ms)
			BeforeProcessingInitializeOnLoad (2ms)
			ProcessInitializeOnLoadAttributes (103ms)
			ProcessInitializeOnLoadMethodAttributes (38ms)
			AfterProcessingInitializeOnLoad (0ms)
			EditorAssembliesLoaded (0ms)
		ExecutionOrderSort2 (0ms)
		AwakeInstancesAfterBackupRestoration (0ms)
========================================================================
Worker process is ready to serve import requests
Begin MonoManager ReloadAssembly
- Loaded All Assemblies, in  0.500 seconds
Refreshing native plugins compatible for Editor in 1.47 ms, found 3 plugins.
Native extension for WindowsStandalone target not found
Native extension for WebGL target not found
Package Manager log level set to [2]
[Package Manager] Server::EnsureServerProcessIsRunning -- launch failed, reason: Unity was launched with the -noUpm command-line argument
[Package Manager] UpmClient::Send -- Unable to send message (not connected to UPM process).
[Package Manager] Cannot connect to Unity Package Manager local server
Mono: successfully reloaded assembly
- Finished resetting the current domain, in  0.540 seconds
Domain Reload Profiling: 1039ms
	BeginReloadAssembly (119ms)
		ExecutionOrderSort (0ms)
		DisableScriptedObjects (4ms)
		BackupInstance (0ms)
		ReleaseScriptingObjects (0ms)
		CreateAndSetChildDomain (16ms)
	RebuildCommonClasses (31ms)
	RebuildNativeTypeToScriptingClass (13ms)
	initialDomainReloadingComplete (34ms)
	LoadAllAssembliesAndSetupDomain (302ms)
		LoadAssemblies (223ms)
		RebuildTransferFunctionScriptingTraits (0ms)
		AnalyzeDomain (147ms)
			TypeCache.Refresh (130ms)
				TypeCache.ScanAssembly (119ms)
			ScanForSourceGeneratedMonoScriptInfo (13ms)
			ResolveRequiredComponents (3ms)
	FinalizeReload (541ms)
		ReleaseScriptCaches (0ms)
		RebuildScriptCaches (0ms)
		SetupLoadedEditorAssemblies (417ms)
			LogAssemblyErrors (0ms)
			InitializePlatformSupportModulesInManaged (7ms)
			SetLoadedEditorAssemblies (3ms)
			RefreshPlugins (0ms)
			BeforeProcessingInitializeOnLoad (48ms)
			ProcessInitializeOnLoadAttributes (335ms)
			ProcessInitializeOnLoadMethodAttributes (16ms)
			AfterProcessingInitializeOnLoad (7ms)
			EditorAssembliesLoaded (0ms)
		ExecutionOrderSort2 (0ms)
		AwakeInstancesAfterBackupRestoration (6ms)
Launched and connected shader compiler UnityShaderCompiler.exe after 0.04 seconds
Refreshing native plugins compatible for Editor in 1.28 ms, found 3 plugins.
Preloading 0 native plugins for Editor in 0.00 ms.
Unloading 3696 Unused Serialized files (Serialized files now loaded: 0)
Unloading 80 unused Assets / (3.3 MB). Loaded Objects now: 4169.
Memory consumption went from 173.0 MB to 169.6 MB.
Total: 2.846100 ms (FindLiveObjects: 0.208800 ms CreateObjectMapping: 0.110100 ms MarkObjects: 1.821400 ms  DeleteObjects: 0.705000 ms)

AssetImportParameters requested are different than current active one (requested -> active):
  custom:scripting/monoscript/fileName/MobileInput.cs: dfa415439f330b7749adb2ef7567c3e4 -> 
  custom:scripting/monoscript/fileName/InputAxisScrollbar.cs: ce23cb16d4e46181bfcdc67e0abad940 -> 
  custom:container-demuxer-ogg: 62fdf1f143b41e24485cea50d1cbac27 -> 
  custom:scripting/monoscript/fileName/PlanarReflectionEditor.cs: ed94d3b3f05fd5fc975e024a9f9d2d2b -> 
  custom:scripting/monoscript/fileName/AeroplaneUserControl4Axis.cs: 4f06f4ef700dd439a594dbbc036b9fa3 -> 
  custom:scripting/monoscript/fileName/ActivateTrigger.cs: c94789aa9e8004cad1e54b531012d83a -> 
  custom:scripting/monoscript/fileName/CarAIControl.cs: d1473508a61a7c22fa581f303c83146a -> 
  custom:scripting/monoscript/fileName/WaypointCircuit.cs: 54e952fb6b763eca02bad0728655deb7 -> 
  custom:scripting/monoscript/fileName/ParticleSystemDestroyer.cs: e9db870dc4c33b83d7965fdc6fe482f5 -> 
  custom:scripting/monoscript/fileName/LandingGear.cs: 7fb64bfd9e273053d29150adadac6d16 -> 
  custom:scripting/monoscript/fileName/CrossPlatformInputInitialize.cs: 957a994b43bb271adc778fbadd721ef1 -> 
  custom:scripting/monoscript/fileName/ExplosionPhysicsForce.cs: e3d1ad6abc1a34f5a9fd7c32b23969ac -> 
  custom:scripting/monoscript/fileName/CrossPlatformInputManager.cs: a6a27da3c2613aab4b889711813fe29f -> 
  custom:scripting/monoscript/fileName/DragRigidbody.cs: af6487145851a9f92f2704a8e0948d6e -> 
  custom:scripting/monoscript/fileName/SmokeParticles.cs: 5e47247cb641abf97e56ce594b12e84f -> 
  custom:video-decoder-ogg-theora: a1e56fd34408186e4bbccfd4996cb3dc -> 
  custom:scripting/monoscript/fileName/WaterBaseEditor.cs: 716a5ceb078ae0e05ad78839c549060b -> 
  custom:framework-win-MediaFoundation: 216162199b28c13a410421893ffa2e32 -> 
  custom:scripting/monoscript/fileName/AeroplaneAudio.cs: f7f5e167200e1cab79cb101583c0f507 -> 
  custom:scripting/monoscript/fileName/Camera2DFollow.cs: 36b0e7285d6f6f90fc4dbbcbf9fd584d -> 
  custom:scripting/monoscript/fileName/TouchPad.cs: 71af049078ebd826d8919ba90a4412d3 -> 
  custom:scripting/monoscript/fileName/TiltInput.cs: 298cab2ca5ef1ae659d7256d2dbeb1ed -> 
  custom:scripting/monoscript/fileName/RigidbodyFirstPersonController.cs: 303e518c916e9011e00a96a1504f3543 -> 
  custom:scripting/monoscript/fileName/SmoothFollow.cs: a07fd7df12bc7fba739834867140f167 -> 
  custom:scripting/monoscript/fileName/Ball.cs: c405c7c486f8c791b69a838bad56931d -> 
  custom:scripting/monoscript/fileName/ExtinguishableParticleSystem.cs: e4f67cb5c21ad9e1a057261e7518ba44 -> 
  custom:CustomObjectIndexerAttribute: 756ad292c208cfabdd7b50bc23989ffe -> 
  custom:scripting/monoscript/fileName/AICharacterControl.cs: a5d08ec5093687a59363b0e1fe1fbbf8 -> 
  custom:scripting/monoscript/fileName/DynamicShadowSettings.cs: 325596f0baf85da0d965fea14b11bb8b -> 
  custom:scripting/monoscript/fileName/CurveControlledBob.cs: 90e86216bd5f53d9fe3087ae7bf389f1 -> 
  custom:scripting/monoscript/fileName/AutoMobileShaderSwitch.cs: e55bd94d791efdfd8def29f52dc8447b -> 
  custom:scripting/monoscript/fileName/AlphaButtonClickMask.cs: 0e8b09d4b0d299b77424ad90e670a9d2 -> 
  custom:scripting/monoscript/fileName/CarUserControl.cs: 0f9d03ad84d4a18a367e665baa6a78af -> 
  custom:container-demuxer-webm: 4f35f7cbe854078d1ac9338744f61a02 -> 
  custom:scripting/monoscript/fileName/SpecularLightingEditor.cs: 8629f86e1ee9f2e08dfb5eddbab71070 -> 
  custom:scripting/monoscript/fileName/StandaloneInput.cs: 8cfda68f78df3b7dc3040fdb29fc2cd1 -> 
  custom:scripting/monoscript/fileName/CarSelfRighting.cs: 88db1e19f2bf5b2535e6ed223cef213a -> 
  custom:scripting/monoscript/fileName/AbstractTargetFollower.cs: bd8be3102d90dc7625e90c699b9ce143 -> 
  custom:scripting/monoscript/fileName/JetParticleEffect.cs: 9e1d229fcfd5effa5ec55873fa75e9c8 -> 
  custom:scripting/monoscript/fileName/FOVKick.cs: c76896347c620802192507d0a92d05a3 -> 
  custom:scripting/monoscript/fileName/TimedObjectActivator.cs: 25495e754d3d277d8e763837b64bf2ba -> 
  custom:scripting/monoscript/fileName/CameraFollow.cs: a051181a8942461b86eabf953d0b997b -> 
  custom:scripting/monoscript/fileName/AutoCam.cs: 464f4516cbb6dd097ab3ec4329345f37 -> 
  custom:scripting/monoscript/fileName/PivotBasedCameraRig.cs: 78e2e6573322fcc55af450266306de6e -> 
  custom:scripting/monoscript/fileName/WaypointProgressTracker.cs: fb6262ee8f74f6dc3758b58e5ee18955 -> 
  custom:scripting/monoscript/fileName/ThirdPersonCharacter.cs: 2bfe283923f980e64bf82c42cd6513ec -> 
  custom:scripting/monoscript/fileName/WaterEditorUtility.cs: 9e04db570781127f08ded71ac3abac1d -> 
  custom:scripting/monoscript/fileName/SimpleMouseRotator.cs: 9ea47a4777a3a00316a90faf1a6f313d -> 
  custom:container-muxer-webm: aa71ff27fc2769a1b78a27578f13a17b -> 
  custom:scripting/monoscript/fileName/ParticleSystemMultiplier.cs: 8c5eeca5294173db54ffca6ac53ee34e -> 
  custom:scripting/monoscript/fileName/Explosive.cs: a3e9e45cef7576efad31592121584452 -> 
  custom:scripting/monoscript/fileName/TargetFieldOfView.cs: eb0697c079ff84905b5591e4ef59be1b -> 
  custom:video-decoder-webm-vp8: 9c59270c3fd7afecdb556c50c9e8de78 -> 
  custom:scripting/monoscript/fileName/AeroplaneAiControl.cs: 277de552b2c5a95e522df981fffd9b25 -> 
  custom:scripting/monoscript/fileName/CameraRefocus.cs: 2faffd18ce20d29396a11c7a26d00f0b -> 
  custom:scripting/monoscript/fileName/CarAudio.cs: aa1ee0763de0da10633dea358d636dfa -> 
  custom:SearchIndexIgnoredProperties: e643bd26f0fe6173181afceb89e7c659 -> 
  custom:scripting/monoscript/fileName/TimedObjectDestructor.cs: bce1a4bbcc9460c16af8171b93c92130 -> 
  custom:AudioImporter_EditorPlatform: d09bf68614088b80899f8185d706f6e7 -> 
  custom:scripting/monoscript/fileName/MobileControlRig.cs: 3524fff44c8126dee0548f9b6ab19d53 -> 
  custom:scripting/monoscript/fileName/ExplosionFireAndDebris.cs: a4e22a51483f0fec49be7cdf8a5ea062 -> 
  custom:scripting/monoscript/fileName/Mudguard.cs: 9b7eeb35af5a40c2a662dfedda0a637e -> 
  custom:scripting/monoscript/fileName/HandHeldCam.cs: 102feb5496df0ea213d53b52e4ec816a -> 
  custom:scripting/monoscript/fileName/AeroplaneControlSurfaceAnimator.cs: 21c229dceda1b70b2049402b7e25af42 -> 
  custom:scripting/monoscript/fileName/EventSystemChecker.cs: 7bccd0826881aa97be03516a055e060b -> 
  custom:scripting/monoscript/fileName/VirtualInput.cs: e290279061a851c625fb61c863776a94 -> 
  custom:scripting/monoscript/fileName/AeroplaneUserControl2Axis.cs: 14515c9b506eace41dcfe397f462d26c -> 
  custom:scripting/monoscript/fileName/WaterHoseParticles.cs: 89cf57233bfde0071976179e25861599 -> 
  custom:scripting/monoscript/fileName/MouseLook.cs: 1413bf4c672f5aacfd2b457b6378eea6 -> 
  custom:scripting/monoscript/fileName/PlatformerCharacter2D.cs: 4addaf30ee88339a30951d7a983b30f0 -> 
  custom:scripting/monoscript/fileName/FPSCounter.cs: 18dc6752cae0b5546ca4b2dc0c7741f5 -> 
  custom:scripting/monoscript/fileName/LerpControlledBob.cs: e3f8ea665fb8f4533c1004d43455b6e7 -> 
  custom:scripting/monoscript/fileName/ButtonHandler.cs: e27d3f4c7505c394dad450c78dd6faf1 -> 
  custom:scripting/monoscript/fileName/LookatTarget.cs: 9e63da8ebe26cdcba5195c51afad6d64 -> 
  custom:scripting/monoscript/fileName/AeroplaneController.cs: e802841375d991beb572904117152dec -> 
  custom:video-encoder-webm-vp8: eb34c28f22e8b96e1ab97ce403110664 -> 
  custom:scripting/monoscript/fileName/CarController.cs: 3071e90b0c01a2ded2b9094f4cf11779 -> 
  custom:audio-decoder-ogg-vorbis: bf7c407c2cedff20999df2af8eb42d56 -> 
  custom:scripting/monoscript/fileName/AfterburnerPhysicsForce.cs: d44e6931e774df3223b064db5fc768f4 -> 
  custom:scripting/monoscript/fileName/candleflicker.cs: e48633a201484451cc1cc8fd2426594c -> 
  custom:scripting/monoscript/fileName/AeroplanePropellerAnimator.cs: 84bd209e8ba18a6550a24cd77f1667cd -> 
  custom:scripting/monoscript/fileName/AxisTouchButton.cs: 31be56f36d53422fd33aa4f9a14e630a -> 
  custom:scripting/monoscript/fileName/BrakeLight.cs: d9c43423d60272a1a08a7f617ec6b90f -> 
  custom:scripting/monoscript/fileName/FollowTarget.cs: 93be4c02dc2bee8af48e06a6c7c2e042 -> 
  custom:scripting/monoscript/fileName/Suspension.cs: d0fad4d3b288fb340503b94a9a30ea10 -> 
  custom:scripting/monoscript/fileName/FireLight.cs: b74a4fa8a2202d735c0c1ea18b63e4e3 -> 
  custom:scripting/monoscript/fileName/FirstPersonController.cs: 4fa5841f7a7dfdfcf291c3718c4ae3a2 -> 
  custom:scripting/monoscript/fileName/ProtectCameraFromWallClip.cs: ef7fc4ea61944018670342bc7b71227c -> 
  custom:scripting/monoscript/fileName/SkidTrail.cs: 95010d8327f7ec969197e1e10813347d -> 
  custom:scripting/monoscript/fileName/Joystick.cs: b54db918c885c01940a25acda1acd280 -> 
  custom:scripting/monoscript/fileName/BallUserControl.cs: 9743cadab53965ad5e73baf18187d830 -> 
  custom:scripting/monoscript/fileName/FreeLookCam.cs: ec7e447c8320099965c5f3bd81473d66 -> 
  custom:audio-encoder-webm-vorbis: bf7c407c2cedff20999df2af8eb42d56 -> 
  custom:scripting/monoscript/fileName/PlatformSpecificContent.cs: 5abb8e8ef7a06ce1842fe9ff26eac2dd -> 
  custom:scripting/monoscript/fileName/AutoMoveAndRotate.cs: ca0e96f72f32239308122375a052b980 -> 
  custom:scripting/monoscript/fileName/ThirdPersonUserControl.cs: e55dad970175c9485c04ecbb87a3ac80 -> 
  custom:scripting/monoscript/fileName/Hose.cs: c8fd2412a0d6a1fdbc6b0e572bd14e28 -> 
  custom:scripting/monoscript/fileName/HeadBob.cs: fde5c6524c06827dce9419ce121f4f6b -> 
  custom:scripting/monoscript/fileName/ObjectResetter.cs: 037abf2de53ab0026436c32f7a941658 -> 
  custom:scripting/monoscript/fileName/GerstnerDisplaceEditor.cs: 72d35297308bd299cac852a206b722ae -> 
  custom:scripting/monoscript/fileName/Restarter.cs: f04be04f6655050adbb7cd8ed5faf27f -> 
  custom:scripting/monoscript/fileName/Platformer2DUserControl.cs: a50f723067caa1c8938ae9953000bd49 -> 
  custom:scripting/monoscript/fileName/WheelEffects.cs: 3e8d23c4da089aaf7c65f9593b57f775 -> 
========================================================================
Received Prepare
Begin MonoManager ReloadAssembly
- Loaded All Assemblies, in  0.365 seconds
Refreshing native plugins compatible for Editor in 1.35 ms, found 3 plugins.
Native extension for WindowsStandalone target not found
Native extension for WebGL target not found
[Package Manager] Server::EnsureServerProcessIsRunning -- launch failed, reason: Unity was launched with the -noUpm command-line argument
[Package Manager] UpmClient::Send -- Unable to send message (not connected to UPM process).
[Package Manager] Cannot connect to Unity Package Manager local server
Mono: successfully reloaded assembly
- Finished resetting the current domain, in  0.752 seconds
Domain Reload Profiling: 1115ms
	BeginReloadAssembly (133ms)
		ExecutionOrderSort (0ms)
		DisableScriptedObjects (3ms)
		BackupInstance (0ms)
		ReleaseScriptingObjects (0ms)
		CreateAndSetChildDomain (31ms)
	RebuildCommonClasses (31ms)
	RebuildNativeTypeToScriptingClass (9ms)
	initialDomainReloadingComplete (25ms)
	LoadAllAssembliesAndSetupDomain (167ms)
		LoadAssemblies (220ms)
		RebuildTransferFunctionScriptingTraits (0ms)
		AnalyzeDomain (17ms)
			TypeCache.Refresh (7ms)
				TypeCache.ScanAssembly (0ms)
			ScanForSourceGeneratedMonoScriptInfo (6ms)
			ResolveRequiredComponents (3ms)
	FinalizeReload (752ms)
		ReleaseScriptCaches (0ms)
		RebuildScriptCaches (0ms)
		SetupLoadedEditorAssemblies (426ms)
			LogAssemblyErrors (0ms)
			InitializePlatformSupportModulesInManaged (7ms)
			SetLoadedEditorAssemblies (2ms)
			RefreshPlugins (0ms)
			BeforeProcessingInitializeOnLoad (54ms)
			ProcessInitializeOnLoadAttributes (343ms)
			ProcessInitializeOnLoadMethodAttributes (13ms)
			AfterProcessingInitializeOnLoad (8ms)
			EditorAssembliesLoaded (0ms)
		ExecutionOrderSort2 (0ms)
		AwakeInstancesAfterBackupRestoration (5ms)
Refreshing native plugins compatible for Editor in 1.48 ms, found 3 plugins.
Preloading 0 native plugins for Editor in 0.00 ms.
Unloading 3630 Unused Serialized files (Serialized files now loaded: 0)
Unloading 58 unused Assets / (3.3 MB). Loaded Objects now: 4172.
Memory consumption went from 157.8 MB to 154.5 MB.
Total: 2.905800 ms (FindLiveObjects: 0.217100 ms CreateObjectMapping: 0.091300 ms MarkObjects: 1.839200 ms  DeleteObjects: 0.757300 ms)

Prepare: number of updated asset objects reloaded= 0
AssetImportParameters requested are different than current active one (requested -> active):
  custom:scripting/monoscript/fileName/MobileInput.cs: dfa415439f330b7749adb2ef7567c3e4 -> 
  custom:scripting/monoscript/fileName/InputAxisScrollbar.cs: ce23cb16d4e46181bfcdc67e0abad940 -> 
  custom:container-demuxer-ogg: 62fdf1f143b41e24485cea50d1cbac27 -> 
  custom:scripting/monoscript/fileName/PlanarReflectionEditor.cs: ed94d3b3f05fd5fc975e024a9f9d2d2b -> 
  custom:scripting/monoscript/fileName/AeroplaneUserControl4Axis.cs: 4f06f4ef700dd439a594dbbc036b9fa3 -> 
  custom:scripting/monoscript/fileName/ActivateTrigger.cs: c94789aa9e8004cad1e54b531012d83a -> 
  custom:scripting/monoscript/fileName/CarAIControl.cs: d1473508a61a7c22fa581f303c83146a -> 
  custom:scripting/monoscript/fileName/WaypointCircuit.cs: 54e952fb6b763eca02bad0728655deb7 -> 
  custom:scripting/monoscript/fileName/ParticleSystemDestroyer.cs: e9db870dc4c33b83d7965fdc6fe482f5 -> 
  custom:scripting/monoscript/fileName/LandingGear.cs: 7fb64bfd9e273053d29150adadac6d16 -> 
  custom:scripting/monoscript/fileName/CrossPlatformInputInitialize.cs: 957a994b43bb271adc778fbadd721ef1 -> 
  custom:scripting/monoscript/fileName/ExplosionPhysicsForce.cs: e3d1ad6abc1a34f5a9fd7c32b23969ac -> 
  custom:scripting/monoscript/fileName/CrossPlatformInputManager.cs: a6a27da3c2613aab4b889711813fe29f -> 
  custom:scripting/monoscript/fileName/DragRigidbody.cs: af6487145851a9f92f2704a8e0948d6e -> 
  custom:scripting/monoscript/fileName/SmokeParticles.cs: 5e47247cb641abf97e56ce594b12e84f -> 
  custom:video-decoder-ogg-theora: a1e56fd34408186e4bbccfd4996cb3dc -> 
  custom:scripting/monoscript/fileName/WaterBaseEditor.cs: 716a5ceb078ae0e05ad78839c549060b -> 
  custom:framework-win-MediaFoundation: 216162199b28c13a410421893ffa2e32 -> 
  custom:scripting/monoscript/fileName/AeroplaneAudio.cs: f7f5e167200e1cab79cb101583c0f507 -> 
  custom:scripting/monoscript/fileName/Camera2DFollow.cs: 36b0e7285d6f6f90fc4dbbcbf9fd584d -> 
  custom:scripting/monoscript/fileName/TouchPad.cs: 71af049078ebd826d8919ba90a4412d3 -> 
  custom:scripting/monoscript/fileName/TiltInput.cs: 298cab2ca5ef1ae659d7256d2dbeb1ed -> 
  custom:scripting/monoscript/fileName/RigidbodyFirstPersonController.cs: 303e518c916e9011e00a96a1504f3543 -> 
  custom:scripting/monoscript/fileName/SmoothFollow.cs: a07fd7df12bc7fba739834867140f167 -> 
  custom:scripting/monoscript/fileName/Ball.cs: c405c7c486f8c791b69a838bad56931d -> 
  custom:scripting/monoscript/fileName/ExtinguishableParticleSystem.cs: e4f67cb5c21ad9e1a057261e7518ba44 -> 
  custom:CustomObjectIndexerAttribute: 756ad292c208cfabdd7b50bc23989ffe -> 
  custom:scripting/monoscript/fileName/AICharacterControl.cs: a5d08ec5093687a59363b0e1fe1fbbf8 -> 
  custom:scripting/monoscript/fileName/DynamicShadowSettings.cs: 325596f0baf85da0d965fea14b11bb8b -> 
  custom:scripting/monoscript/fileName/CurveControlledBob.cs: 90e86216bd5f53d9fe3087ae7bf389f1 -> 
  custom:scripting/monoscript/fileName/AutoMobileShaderSwitch.cs: e55bd94d791efdfd8def29f52dc8447b -> 
  custom:scripting/monoscript/fileName/AlphaButtonClickMask.cs: 0e8b09d4b0d299b77424ad90e670a9d2 -> 
  custom:scripting/monoscript/fileName/CarUserControl.cs: 0f9d03ad84d4a18a367e665baa6a78af -> 
  custom:container-demuxer-webm: 4f35f7cbe854078d1ac9338744f61a02 -> 
  custom:scripting/monoscript/fileName/SpecularLightingEditor.cs: 8629f86e1ee9f2e08dfb5eddbab71070 -> 
  custom:scripting/monoscript/fileName/StandaloneInput.cs: 8cfda68f78df3b7dc3040fdb29fc2cd1 -> 
  custom:scripting/monoscript/fileName/CarSelfRighting.cs: 88db1e19f2bf5b2535e6ed223cef213a -> 
  custom:scripting/monoscript/fileName/AbstractTargetFollower.cs: bd8be3102d90dc7625e90c699b9ce143 -> 
  custom:scripting/monoscript/fileName/JetParticleEffect.cs: 9e1d229fcfd5effa5ec55873fa75e9c8 -> 
  custom:scripting/monoscript/fileName/FOVKick.cs: c76896347c620802192507d0a92d05a3 -> 
  custom:scripting/monoscript/fileName/TimedObjectActivator.cs: 25495e754d3d277d8e763837b64bf2ba -> 
  custom:scripting/monoscript/fileName/CameraFollow.cs: a051181a8942461b86eabf953d0b997b -> 
  custom:scripting/monoscript/fileName/AutoCam.cs: 464f4516cbb6dd097ab3ec4329345f37 -> 
  custom:scripting/monoscript/fileName/PivotBasedCameraRig.cs: 78e2e6573322fcc55af450266306de6e -> 
  custom:scripting/monoscript/fileName/WaypointProgressTracker.cs: fb6262ee8f74f6dc3758b58e5ee18955 -> 
  custom:scripting/monoscript/fileName/ThirdPersonCharacter.cs: 2bfe283923f980e64bf82c42cd6513ec -> 
  custom:scripting/monoscript/fileName/WaterEditorUtility.cs: 9e04db570781127f08ded71ac3abac1d -> 
  custom:scripting/monoscript/fileName/SimpleMouseRotator.cs: 9ea47a4777a3a00316a90faf1a6f313d -> 
  custom:container-muxer-webm: aa71ff27fc2769a1b78a27578f13a17b -> 
  custom:scripting/monoscript/fileName/ParticleSystemMultiplier.cs: 8c5eeca5294173db54ffca6ac53ee34e -> 
  custom:scripting/monoscript/fileName/Explosive.cs: a3e9e45cef7576efad31592121584452 -> 
  custom:scripting/monoscript/fileName/TargetFieldOfView.cs: eb0697c079ff84905b5591e4ef59be1b -> 
  custom:video-decoder-webm-vp8: 9c59270c3fd7afecdb556c50c9e8de78 -> 
  custom:scripting/monoscript/fileName/AeroplaneAiControl.cs: 277de552b2c5a95e522df981fffd9b25 -> 
  custom:scripting/monoscript/fileName/CameraRefocus.cs: 2faffd18ce20d29396a11c7a26d00f0b -> 
  custom:scripting/monoscript/fileName/CarAudio.cs: aa1ee0763de0da10633dea358d636dfa -> 
  custom:SearchIndexIgnoredProperties: e643bd26f0fe6173181afceb89e7c659 -> 
  custom:scripting/monoscript/fileName/TimedObjectDestructor.cs: bce1a4bbcc9460c16af8171b93c92130 -> 
  custom:AudioImporter_EditorPlatform: d09bf68614088b80899f8185d706f6e7 -> 
  custom:scripting/monoscript/fileName/MobileControlRig.cs: 3524fff44c8126dee0548f9b6ab19d53 -> 
  custom:scripting/monoscript/fileName/ExplosionFireAndDebris.cs: a4e22a51483f0fec49be7cdf8a5ea062 -> 
  custom:scripting/monoscript/fileName/Mudguard.cs: 9b7eeb35af5a40c2a662dfedda0a637e -> 
  custom:scripting/monoscript/fileName/HandHeldCam.cs: 102feb5496df0ea213d53b52e4ec816a -> 
  custom:scripting/monoscript/fileName/AeroplaneControlSurfaceAnimator.cs: 21c229dceda1b70b2049402b7e25af42 -> 
  custom:scripting/monoscript/fileName/EventSystemChecker.cs: 7bccd0826881aa97be03516a055e060b -> 
  custom:scripting/monoscript/fileName/VirtualInput.cs: e290279061a851c625fb61c863776a94 -> 
  custom:scripting/monoscript/fileName/AeroplaneUserControl2Axis.cs: 14515c9b506eace41dcfe397f462d26c -> 
  custom:scripting/monoscript/fileName/WaterHoseParticles.cs: 89cf57233bfde0071976179e25861599 -> 
  custom:scripting/monoscript/fileName/MouseLook.cs: 1413bf4c672f5aacfd2b457b6378eea6 -> 
  custom:scripting/monoscript/fileName/PlatformerCharacter2D.cs: 4addaf30ee88339a30951d7a983b30f0 -> 
  custom:scripting/monoscript/fileName/FPSCounter.cs: 18dc6752cae0b5546ca4b2dc0c7741f5 -> 
  custom:scripting/monoscript/fileName/LerpControlledBob.cs: e3f8ea665fb8f4533c1004d43455b6e7 -> 
  custom:scripting/monoscript/fileName/ButtonHandler.cs: e27d3f4c7505c394dad450c78dd6faf1 -> 
  custom:scripting/monoscript/fileName/LookatTarget.cs: 9e63da8ebe26cdcba5195c51afad6d64 -> 
  custom:scripting/monoscript/fileName/AeroplaneController.cs: e802841375d991beb572904117152dec -> 
  custom:video-encoder-webm-vp8: eb34c28f22e8b96e1ab97ce403110664 -> 
  custom:scripting/monoscript/fileName/CarController.cs: 3071e90b0c01a2ded2b9094f4cf11779 -> 
  custom:audio-decoder-ogg-vorbis: bf7c407c2cedff20999df2af8eb42d56 -> 
  custom:scripting/monoscript/fileName/AfterburnerPhysicsForce.cs: d44e6931e774df3223b064db5fc768f4 -> 
  custom:scripting/monoscript/fileName/candleflicker.cs: e48633a201484451cc1cc8fd2426594c -> 
  custom:scripting/monoscript/fileName/AeroplanePropellerAnimator.cs: 84bd209e8ba18a6550a24cd77f1667cd -> 
  custom:scripting/monoscript/fileName/AxisTouchButton.cs: 31be56f36d53422fd33aa4f9a14e630a -> 
  custom:scripting/monoscript/fileName/BrakeLight.cs: d9c43423d60272a1a08a7f617ec6b90f -> 
  custom:scripting/monoscript/fileName/FollowTarget.cs: 93be4c02dc2bee8af48e06a6c7c2e042 -> 
  custom:scripting/monoscript/fileName/Suspension.cs: d0fad4d3b288fb340503b94a9a30ea10 -> 
  custom:scripting/monoscript/fileName/FireLight.cs: b74a4fa8a2202d735c0c1ea18b63e4e3 -> 
  custom:scripting/monoscript/fileName/FirstPersonController.cs: 4fa5841f7a7dfdfcf291c3718c4ae3a2 -> 
  custom:scripting/monoscript/fileName/ProtectCameraFromWallClip.cs: ef7fc4ea61944018670342bc7b71227c -> 
  custom:scripting/monoscript/fileName/SkidTrail.cs: 95010d8327f7ec969197e1e10813347d -> 
  custom:scripting/monoscript/fileName/Joystick.cs: b54db918c885c01940a25acda1acd280 -> 
  custom:scripting/monoscript/fileName/BallUserControl.cs: 9743cadab53965ad5e73baf18187d830 -> 
  custom:scripting/monoscript/fileName/FreeLookCam.cs: ec7e447c8320099965c5f3bd81473d66 -> 
  custom:audio-encoder-webm-vorbis: bf7c407c2cedff20999df2af8eb42d56 -> 
  custom:scripting/monoscript/fileName/PlatformSpecificContent.cs: 5abb8e8ef7a06ce1842fe9ff26eac2dd -> 
  custom:scripting/monoscript/fileName/AutoMoveAndRotate.cs: ca0e96f72f32239308122375a052b980 -> 
  custom:scripting/monoscript/fileName/ThirdPersonUserControl.cs: e55dad970175c9485c04ecbb87a3ac80 -> 
  custom:scripting/monoscript/fileName/Hose.cs: c8fd2412a0d6a1fdbc6b0e572bd14e28 -> 
  custom:scripting/monoscript/fileName/HeadBob.cs: fde5c6524c06827dce9419ce121f4f6b -> 
  custom:scripting/monoscript/fileName/ObjectResetter.cs: 037abf2de53ab0026436c32f7a941658 -> 
  custom:scripting/monoscript/fileName/GerstnerDisplaceEditor.cs: 72d35297308bd299cac852a206b722ae -> 
  custom:scripting/monoscript/fileName/Restarter.cs: f04be04f6655050adbb7cd8ed5faf27f -> 
  custom:scripting/monoscript/fileName/Platformer2DUserControl.cs: a50f723067caa1c8938ae9953000bd49 -> 
  custom:scripting/monoscript/fileName/WheelEffects.cs: 3e8d23c4da089aaf7c65f9593b57f775 -> 
========================================================================
Received Prepare
Begin MonoManager ReloadAssembly
- Loaded All Assemblies, in  0.351 seconds
Refreshing native plugins compatible for Editor in 1.54 ms, found 3 plugins.
Native extension for WindowsStandalone target not found
Native extension for WebGL target not found
[Package Manager] Server::EnsureServerProcessIsRunning -- launch failed, reason: Unity was launched with the -noUpm command-line argument
[Package Manager] UpmClient::Send -- Unable to send message (not connected to UPM process).
[Package Manager] Cannot connect to Unity Package Manager local server
Mono: successfully reloaded assembly
- Finished resetting the current domain, in  0.729 seconds
Domain Reload Profiling: 1079ms
	BeginReloadAssembly (128ms)
		ExecutionOrderSort (0ms)
		DisableScriptedObjects (4ms)
		BackupInstance (0ms)
		ReleaseScriptingObjects (0ms)
		CreateAndSetChildDomain (27ms)
	RebuildCommonClasses (31ms)
	RebuildNativeTypeToScriptingClass (10ms)
	initialDomainReloadingComplete (26ms)
	LoadAllAssembliesAndSetupDomain (154ms)
		LoadAssemblies (213ms)
		RebuildTransferFunctionScriptingTraits (0ms)
		AnalyzeDomain (11ms)
			TypeCache.Refresh (6ms)
				TypeCache.ScanAssembly (0ms)
			ScanForSourceGeneratedMonoScriptInfo (0ms)
			ResolveRequiredComponents (4ms)
	FinalizeReload (730ms)
		ReleaseScriptCaches (0ms)
		RebuildScriptCaches (0ms)
		SetupLoadedEditorAssemblies (412ms)
			LogAssemblyErrors (0ms)
			InitializePlatformSupportModulesInManaged (6ms)
			SetLoadedEditorAssemblies (2ms)
			RefreshPlugins (0ms)
			BeforeProcessingInitializeOnLoad (44ms)
			ProcessInitializeOnLoadAttributes (338ms)
			ProcessInitializeOnLoadMethodAttributes (14ms)
			AfterProcessingInitializeOnLoad (6ms)
			EditorAssembliesLoaded (0ms)
		ExecutionOrderSort2 (0ms)
		AwakeInstancesAfterBackupRestoration (5ms)
Refreshing native plugins compatible for Editor in 1.69 ms, found 3 plugins.
Preloading 0 native plugins for Editor in 0.00 ms.
Unloading 3630 Unused Serialized files (Serialized files now loaded: 0)
Unloading 58 unused Assets / (3.3 MB). Loaded Objects now: 4175.
Memory consumption went from 157.9 MB to 154.6 MB.
Total: 3.549200 ms (FindLiveObjects: 0.222000 ms CreateObjectMapping: 0.118900 ms MarkObjects: 2.127300 ms  DeleteObjects: 1.079800 ms)

Prepare: number of updated asset objects reloaded= 0
AssetImportParameters requested are different than current active one (requested -> active):
  custom:scripting/monoscript/fileName/MobileInput.cs: dfa415439f330b7749adb2ef7567c3e4 -> 
  custom:scripting/monoscript/fileName/InputAxisScrollbar.cs: ce23cb16d4e46181bfcdc67e0abad940 -> 
  custom:container-demuxer-ogg: 62fdf1f143b41e24485cea50d1cbac27 -> 
  custom:scripting/monoscript/fileName/PlanarReflectionEditor.cs: ed94d3b3f05fd5fc975e024a9f9d2d2b -> 
  custom:scripting/monoscript/fileName/AeroplaneUserControl4Axis.cs: 4f06f4ef700dd439a594dbbc036b9fa3 -> 
  custom:scripting/monoscript/fileName/ActivateTrigger.cs: c94789aa9e8004cad1e54b531012d83a -> 
  custom:scripting/monoscript/fileName/CarAIControl.cs: d1473508a61a7c22fa581f303c83146a -> 
  custom:scripting/monoscript/fileName/WaypointCircuit.cs: 54e952fb6b763eca02bad0728655deb7 -> 
  custom:scripting/monoscript/fileName/ParticleSystemDestroyer.cs: e9db870dc4c33b83d7965fdc6fe482f5 -> 
  custom:scripting/monoscript/fileName/LandingGear.cs: 7fb64bfd9e273053d29150adadac6d16 -> 
  custom:scripting/monoscript/fileName/CrossPlatformInputInitialize.cs: 957a994b43bb271adc778fbadd721ef1 -> 
  custom:scripting/monoscript/fileName/ExplosionPhysicsForce.cs: e3d1ad6abc1a34f5a9fd7c32b23969ac -> 
  custom:scripting/monoscript/fileName/CrossPlatformInputManager.cs: a6a27da3c2613aab4b889711813fe29f -> 
  custom:scripting/monoscript/fileName/DragRigidbody.cs: af6487145851a9f92f2704a8e0948d6e -> 
  custom:scripting/monoscript/fileName/SmokeParticles.cs: 5e47247cb641abf97e56ce594b12e84f -> 
  custom:video-decoder-ogg-theora: a1e56fd34408186e4bbccfd4996cb3dc -> 
  custom:scripting/monoscript/fileName/WaterBaseEditor.cs: 716a5ceb078ae0e05ad78839c549060b -> 
  custom:framework-win-MediaFoundation: 216162199b28c13a410421893ffa2e32 -> 
  custom:scripting/monoscript/fileName/AeroplaneAudio.cs: f7f5e167200e1cab79cb101583c0f507 -> 
  custom:scripting/monoscript/fileName/Camera2DFollow.cs: 36b0e7285d6f6f90fc4dbbcbf9fd584d -> 
  custom:scripting/monoscript/fileName/TouchPad.cs: 71af049078ebd826d8919ba90a4412d3 -> 
  custom:scripting/monoscript/fileName/TiltInput.cs: 298cab2ca5ef1ae659d7256d2dbeb1ed -> 
  custom:scripting/monoscript/fileName/RigidbodyFirstPersonController.cs: 303e518c916e9011e00a96a1504f3543 -> 
  custom:scripting/monoscript/fileName/SmoothFollow.cs: a07fd7df12bc7fba739834867140f167 -> 
  custom:scripting/monoscript/fileName/Ball.cs: c405c7c486f8c791b69a838bad56931d -> 
  custom:scripting/monoscript/fileName/ExtinguishableParticleSystem.cs: e4f67cb5c21ad9e1a057261e7518ba44 -> 
  custom:CustomObjectIndexerAttribute: 756ad292c208cfabdd7b50bc23989ffe -> 
  custom:scripting/monoscript/fileName/AICharacterControl.cs: a5d08ec5093687a59363b0e1fe1fbbf8 -> 
  custom:scripting/monoscript/fileName/DynamicShadowSettings.cs: 325596f0baf85da0d965fea14b11bb8b -> 
  custom:scripting/monoscript/fileName/CurveControlledBob.cs: 90e86216bd5f53d9fe3087ae7bf389f1 -> 
  custom:scripting/monoscript/fileName/AutoMobileShaderSwitch.cs: e55bd94d791efdfd8def29f52dc8447b -> 
  custom:scripting/monoscript/fileName/AlphaButtonClickMask.cs: 0e8b09d4b0d299b77424ad90e670a9d2 -> 
  custom:scripting/monoscript/fileName/CarUserControl.cs: 0f9d03ad84d4a18a367e665baa6a78af -> 
  custom:container-demuxer-webm: 4f35f7cbe854078d1ac9338744f61a02 -> 
  custom:scripting/monoscript/fileName/SpecularLightingEditor.cs: 8629f86e1ee9f2e08dfb5eddbab71070 -> 
  custom:scripting/monoscript/fileName/StandaloneInput.cs: 8cfda68f78df3b7dc3040fdb29fc2cd1 -> 
  custom:scripting/monoscript/fileName/CarSelfRighting.cs: 88db1e19f2bf5b2535e6ed223cef213a -> 
  custom:scripting/monoscript/fileName/AbstractTargetFollower.cs: bd8be3102d90dc7625e90c699b9ce143 -> 
  custom:scripting/monoscript/fileName/JetParticleEffect.cs: 9e1d229fcfd5effa5ec55873fa75e9c8 -> 
  custom:scripting/monoscript/fileName/FOVKick.cs: c76896347c620802192507d0a92d05a3 -> 
  custom:scripting/monoscript/fileName/TimedObjectActivator.cs: 25495e754d3d277d8e763837b64bf2ba -> 
  custom:scripting/monoscript/fileName/CameraFollow.cs: a051181a8942461b86eabf953d0b997b -> 
  custom:scripting/monoscript/fileName/AutoCam.cs: 464f4516cbb6dd097ab3ec4329345f37 -> 
  custom:scripting/monoscript/fileName/PivotBasedCameraRig.cs: 78e2e6573322fcc55af450266306de6e -> 
  custom:scripting/monoscript/fileName/WaypointProgressTracker.cs: fb6262ee8f74f6dc3758b58e5ee18955 -> 
  custom:scripting/monoscript/fileName/ThirdPersonCharacter.cs: 2bfe283923f980e64bf82c42cd6513ec -> 
  custom:scripting/monoscript/fileName/WaterEditorUtility.cs: 9e04db570781127f08ded71ac3abac1d -> 
  custom:scripting/monoscript/fileName/SimpleMouseRotator.cs: 9ea47a4777a3a00316a90faf1a6f313d -> 
  custom:container-muxer-webm: aa71ff27fc2769a1b78a27578f13a17b -> 
  custom:scripting/monoscript/fileName/ParticleSystemMultiplier.cs: 8c5eeca5294173db54ffca6ac53ee34e -> 
  custom:scripting/monoscript/fileName/Explosive.cs: a3e9e45cef7576efad31592121584452 -> 
  custom:scripting/monoscript/fileName/TargetFieldOfView.cs: eb0697c079ff84905b5591e4ef59be1b -> 
  custom:video-decoder-webm-vp8: 9c59270c3fd7afecdb556c50c9e8de78 -> 
  custom:scripting/monoscript/fileName/AeroplaneAiControl.cs: 277de552b2c5a95e522df981fffd9b25 -> 
  custom:scripting/monoscript/fileName/CameraRefocus.cs: 2faffd18ce20d29396a11c7a26d00f0b -> 
  custom:scripting/monoscript/fileName/CarAudio.cs: aa1ee0763de0da10633dea358d636dfa -> 
  custom:SearchIndexIgnoredProperties: e643bd26f0fe6173181afceb89e7c659 -> 
  custom:scripting/monoscript/fileName/TimedObjectDestructor.cs: bce1a4bbcc9460c16af8171b93c92130 -> 
  custom:AudioImporter_EditorPlatform: d09bf68614088b80899f8185d706f6e7 -> 
  custom:scripting/monoscript/fileName/MobileControlRig.cs: 3524fff44c8126dee0548f9b6ab19d53 -> 
  custom:scripting/monoscript/fileName/ExplosionFireAndDebris.cs: a4e22a51483f0fec49be7cdf8a5ea062 -> 
  custom:scripting/monoscript/fileName/Mudguard.cs: 9b7eeb35af5a40c2a662dfedda0a637e -> 
  custom:scripting/monoscript/fileName/HandHeldCam.cs: 102feb5496df0ea213d53b52e4ec816a -> 
  custom:scripting/monoscript/fileName/AeroplaneControlSurfaceAnimator.cs: 21c229dceda1b70b2049402b7e25af42 -> 
  custom:scripting/monoscript/fileName/EventSystemChecker.cs: 7bccd0826881aa97be03516a055e060b -> 
  custom:scripting/monoscript/fileName/VirtualInput.cs: e290279061a851c625fb61c863776a94 -> 
  custom:scripting/monoscript/fileName/AeroplaneUserControl2Axis.cs: 14515c9b506eace41dcfe397f462d26c -> 
  custom:scripting/monoscript/fileName/WaterHoseParticles.cs: 89cf57233bfde0071976179e25861599 -> 
  custom:scripting/monoscript/fileName/MouseLook.cs: 1413bf4c672f5aacfd2b457b6378eea6 -> 
  custom:scripting/monoscript/fileName/PlatformerCharacter2D.cs: 4addaf30ee88339a30951d7a983b30f0 -> 
  custom:scripting/monoscript/fileName/FPSCounter.cs: 18dc6752cae0b5546ca4b2dc0c7741f5 -> 
  custom:scripting/monoscript/fileName/LerpControlledBob.cs: e3f8ea665fb8f4533c1004d43455b6e7 -> 
  custom:scripting/monoscript/fileName/ButtonHandler.cs: e27d3f4c7505c394dad450c78dd6faf1 -> 
  custom:scripting/monoscript/fileName/LookatTarget.cs: 9e63da8ebe26cdcba5195c51afad6d64 -> 
  custom:scripting/monoscript/fileName/AeroplaneController.cs: e802841375d991beb572904117152dec -> 
  custom:video-encoder-webm-vp8: eb34c28f22e8b96e1ab97ce403110664 -> 
  custom:scripting/monoscript/fileName/CarController.cs: 3071e90b0c01a2ded2b9094f4cf11779 -> 
  custom:audio-decoder-ogg-vorbis: bf7c407c2cedff20999df2af8eb42d56 -> 
  custom:scripting/monoscript/fileName/AfterburnerPhysicsForce.cs: d44e6931e774df3223b064db5fc768f4 -> 
  custom:scripting/monoscript/fileName/candleflicker.cs: e48633a201484451cc1cc8fd2426594c -> 
  custom:scripting/monoscript/fileName/AeroplanePropellerAnimator.cs: 84bd209e8ba18a6550a24cd77f1667cd -> 
  custom:scripting/monoscript/fileName/AxisTouchButton.cs: 31be56f36d53422fd33aa4f9a14e630a -> 
  custom:scripting/monoscript/fileName/BrakeLight.cs: d9c43423d60272a1a08a7f617ec6b90f -> 
  custom:scripting/monoscript/fileName/FollowTarget.cs: 93be4c02dc2bee8af48e06a6c7c2e042 -> 
  custom:scripting/monoscript/fileName/Suspension.cs: d0fad4d3b288fb340503b94a9a30ea10 -> 
  custom:scripting/monoscript/fileName/FireLight.cs: b74a4fa8a2202d735c0c1ea18b63e4e3 -> 
  custom:scripting/monoscript/fileName/FirstPersonController.cs: 4fa5841f7a7dfdfcf291c3718c4ae3a2 -> 
  custom:scripting/monoscript/fileName/ProtectCameraFromWallClip.cs: ef7fc4ea61944018670342bc7b71227c -> 
  custom:scripting/monoscript/fileName/SkidTrail.cs: 95010d8327f7ec969197e1e10813347d -> 
  custom:scripting/monoscript/fileName/Joystick.cs: b54db918c885c01940a25acda1acd280 -> 
  custom:scripting/monoscript/fileName/BallUserControl.cs: 9743cadab53965ad5e73baf18187d830 -> 
  custom:scripting/monoscript/fileName/FreeLookCam.cs: ec7e447c8320099965c5f3bd81473d66 -> 
  custom:audio-encoder-webm-vorbis: bf7c407c2cedff20999df2af8eb42d56 -> 
  custom:scripting/monoscript/fileName/PlatformSpecificContent.cs: 5abb8e8ef7a06ce1842fe9ff26eac2dd -> 
  custom:scripting/monoscript/fileName/AutoMoveAndRotate.cs: ca0e96f72f32239308122375a052b980 -> 
  custom:scripting/monoscript/fileName/ThirdPersonUserControl.cs: e55dad970175c9485c04ecbb87a3ac80 -> 
  custom:scripting/monoscript/fileName/Hose.cs: c8fd2412a0d6a1fdbc6b0e572bd14e28 -> 
  custom:scripting/monoscript/fileName/HeadBob.cs: fde5c6524c06827dce9419ce121f4f6b -> 
  custom:scripting/monoscript/fileName/ObjectResetter.cs: 037abf2de53ab0026436c32f7a941658 -> 
  custom:scripting/monoscript/fileName/GerstnerDisplaceEditor.cs: 72d35297308bd299cac852a206b722ae -> 
  custom:scripting/monoscript/fileName/Restarter.cs: f04be04f6655050adbb7cd8ed5faf27f -> 
  custom:scripting/monoscript/fileName/Platformer2DUserControl.cs: a50f723067caa1c8938ae9953000bd49 -> 
  custom:scripting/monoscript/fileName/WheelEffects.cs: 3e8d23c4da089aaf7c65f9593b57f775 -> 
========================================================================
Received Prepare
Begin MonoManager ReloadAssembly
- Loaded All Assemblies, in  0.335 seconds
Refreshing native plugins compatible for Editor in 1.29 ms, found 3 plugins.
Native extension for WindowsStandalone target not found
Native extension for WebGL target not found
[Package Manager] Server::EnsureServerProcessIsRunning -- launch failed, reason: Unity was launched with the -noUpm command-line argument
[Package Manager] UpmClient::Send -- Unable to send message (not connected to UPM process).
[Package Manager] Cannot connect to Unity Package Manager local server
Mono: successfully reloaded assembly
- Finished resetting the current domain, in  0.693 seconds
Domain Reload Profiling: 1027ms
	BeginReloadAssembly (119ms)
		ExecutionOrderSort (0ms)
		DisableScriptedObjects (4ms)
		BackupInstance (0ms)
		ReleaseScriptingObjects (0ms)
		CreateAndSetChildDomain (25ms)
	RebuildCommonClasses (24ms)
	RebuildNativeTypeToScriptingClass (12ms)
	initialDomainReloadingComplete (25ms)
	LoadAllAssembliesAndSetupDomain (153ms)
		LoadAssemblies (199ms)
		RebuildTransferFunctionScriptingTraits (0ms)
		AnalyzeDomain (18ms)
			TypeCache.Refresh (7ms)
				TypeCache.ScanAssembly (0ms)
			ScanForSourceGeneratedMonoScriptInfo (6ms)
			ResolveRequiredComponents (4ms)
	FinalizeReload (694ms)
		ReleaseScriptCaches (0ms)
		RebuildScriptCaches (0ms)
		SetupLoadedEditorAssemblies (378ms)
			LogAssemblyErrors (0ms)
			InitializePlatformSupportModulesInManaged (6ms)
			SetLoadedEditorAssemblies (2ms)
			RefreshPlugins (0ms)
			BeforeProcessingInitializeOnLoad (45ms)
			ProcessInitializeOnLoadAttributes (300ms)
			ProcessInitializeOnLoadMethodAttributes (17ms)
			AfterProcessingInitializeOnLoad (7ms)
			EditorAssembliesLoaded (0ms)
		ExecutionOrderSort2 (0ms)
		AwakeInstancesAfterBackupRestoration (5ms)
Refreshing native plugins compatible for Editor in 1.34 ms, found 3 plugins.
Preloading 0 native plugins for Editor in 0.00 ms.
Unloading 3630 Unused Serialized files (Serialized files now loaded: 0)
Unloading 58 unused Assets / (3.3 MB). Loaded Objects now: 4178.
Memory consumption went from 157.9 MB to 154.6 MB.
Total: 3.109500 ms (FindLiveObjects: 0.207800 ms CreateObjectMapping: 0.097000 ms MarkObjects: 2.020700 ms  DeleteObjects: 0.783100 ms)

Prepare: number of updated asset objects reloaded= 0
AssetImportParameters requested are different than current active one (requested -> active):
  custom:scripting/monoscript/fileName/MobileInput.cs: dfa415439f330b7749adb2ef7567c3e4 -> 
  custom:scripting/monoscript/fileName/InputAxisScrollbar.cs: ce23cb16d4e46181bfcdc67e0abad940 -> 
  custom:container-demuxer-ogg: 62fdf1f143b41e24485cea50d1cbac27 -> 
  custom:scripting/monoscript/fileName/PlanarReflectionEditor.cs: ed94d3b3f05fd5fc975e024a9f9d2d2b -> 
  custom:scripting/monoscript/fileName/AeroplaneUserControl4Axis.cs: 4f06f4ef700dd439a594dbbc036b9fa3 -> 
  custom:scripting/monoscript/fileName/ActivateTrigger.cs: c94789aa9e8004cad1e54b531012d83a -> 
  custom:scripting/monoscript/fileName/CarAIControl.cs: d1473508a61a7c22fa581f303c83146a -> 
  custom:scripting/monoscript/fileName/WaypointCircuit.cs: 54e952fb6b763eca02bad0728655deb7 -> 
  custom:scripting/monoscript/fileName/ParticleSystemDestroyer.cs: e9db870dc4c33b83d7965fdc6fe482f5 -> 
  custom:scripting/monoscript/fileName/LandingGear.cs: 7fb64bfd9e273053d29150adadac6d16 -> 
  custom:scripting/monoscript/fileName/CrossPlatformInputInitialize.cs: 957a994b43bb271adc778fbadd721ef1 -> 
  custom:scripting/monoscript/fileName/ExplosionPhysicsForce.cs: e3d1ad6abc1a34f5a9fd7c32b23969ac -> 
  custom:scripting/monoscript/fileName/CrossPlatformInputManager.cs: a6a27da3c2613aab4b889711813fe29f -> 
  custom:scripting/monoscript/fileName/DragRigidbody.cs: af6487145851a9f92f2704a8e0948d6e -> 
  custom:scripting/monoscript/fileName/SmokeParticles.cs: 5e47247cb641abf97e56ce594b12e84f -> 
  custom:video-decoder-ogg-theora: a1e56fd34408186e4bbccfd4996cb3dc -> 
  custom:scripting/monoscript/fileName/WaterBaseEditor.cs: 716a5ceb078ae0e05ad78839c549060b -> 
  custom:framework-win-MediaFoundation: 216162199b28c13a410421893ffa2e32 -> 
  custom:scripting/monoscript/fileName/AeroplaneAudio.cs: f7f5e167200e1cab79cb101583c0f507 -> 
  custom:scripting/monoscript/fileName/Camera2DFollow.cs: 36b0e7285d6f6f90fc4dbbcbf9fd584d -> 
  custom:scripting/monoscript/fileName/TouchPad.cs: 71af049078ebd826d8919ba90a4412d3 -> 
  custom:scripting/monoscript/fileName/TiltInput.cs: 298cab2ca5ef1ae659d7256d2dbeb1ed -> 
  custom:scripting/monoscript/fileName/RigidbodyFirstPersonController.cs: 303e518c916e9011e00a96a1504f3543 -> 
  custom:scripting/monoscript/fileName/SmoothFollow.cs: a07fd7df12bc7fba739834867140f167 -> 
  custom:scripting/monoscript/fileName/Ball.cs: c405c7c486f8c791b69a838bad56931d -> 
  custom:scripting/monoscript/fileName/ExtinguishableParticleSystem.cs: e4f67cb5c21ad9e1a057261e7518ba44 -> 
  custom:CustomObjectIndexerAttribute: 756ad292c208cfabdd7b50bc23989ffe -> 
  custom:scripting/monoscript/fileName/AICharacterControl.cs: a5d08ec5093687a59363b0e1fe1fbbf8 -> 
  custom:scripting/monoscript/fileName/DynamicShadowSettings.cs: 325596f0baf85da0d965fea14b11bb8b -> 
  custom:scripting/monoscript/fileName/CurveControlledBob.cs: 90e86216bd5f53d9fe3087ae7bf389f1 -> 
  custom:scripting/monoscript/fileName/AutoMobileShaderSwitch.cs: e55bd94d791efdfd8def29f52dc8447b -> 
  custom:scripting/monoscript/fileName/AlphaButtonClickMask.cs: 0e8b09d4b0d299b77424ad90e670a9d2 -> 
  custom:scripting/monoscript/fileName/CarUserControl.cs: 0f9d03ad84d4a18a367e665baa6a78af -> 
  custom:container-demuxer-webm: 4f35f7cbe854078d1ac9338744f61a02 -> 
  custom:scripting/monoscript/fileName/SpecularLightingEditor.cs: 8629f86e1ee9f2e08dfb5eddbab71070 -> 
  custom:scripting/monoscript/fileName/StandaloneInput.cs: 8cfda68f78df3b7dc3040fdb29fc2cd1 -> 
  custom:scripting/monoscript/fileName/CarSelfRighting.cs: 88db1e19f2bf5b2535e6ed223cef213a -> 
  custom:scripting/monoscript/fileName/AbstractTargetFollower.cs: bd8be3102d90dc7625e90c699b9ce143 -> 
  custom:scripting/monoscript/fileName/JetParticleEffect.cs: 9e1d229fcfd5effa5ec55873fa75e9c8 -> 
  custom:scripting/monoscript/fileName/FOVKick.cs: c76896347c620802192507d0a92d05a3 -> 
  custom:scripting/monoscript/fileName/TimedObjectActivator.cs: 25495e754d3d277d8e763837b64bf2ba -> 
  custom:scripting/monoscript/fileName/CameraFollow.cs: a051181a8942461b86eabf953d0b997b -> 
  custom:scripting/monoscript/fileName/AutoCam.cs: 464f4516cbb6dd097ab3ec4329345f37 -> 
  custom:scripting/monoscript/fileName/PivotBasedCameraRig.cs: 78e2e6573322fcc55af450266306de6e -> 
  custom:scripting/monoscript/fileName/WaypointProgressTracker.cs: fb6262ee8f74f6dc3758b58e5ee18955 -> 
  custom:scripting/monoscript/fileName/ThirdPersonCharacter.cs: 2bfe283923f980e64bf82c42cd6513ec -> 
  custom:scripting/monoscript/fileName/WaterEditorUtility.cs: 9e04db570781127f08ded71ac3abac1d -> 
  custom:scripting/monoscript/fileName/SimpleMouseRotator.cs: 9ea47a4777a3a00316a90faf1a6f313d -> 
  custom:container-muxer-webm: aa71ff27fc2769a1b78a27578f13a17b -> 
  custom:scripting/monoscript/fileName/ParticleSystemMultiplier.cs: 8c5eeca5294173db54ffca6ac53ee34e -> 
  custom:scripting/monoscript/fileName/Explosive.cs: a3e9e45cef7576efad31592121584452 -> 
  custom:scripting/monoscript/fileName/TargetFieldOfView.cs: eb0697c079ff84905b5591e4ef59be1b -> 
  custom:video-decoder-webm-vp8: 9c59270c3fd7afecdb556c50c9e8de78 -> 
  custom:scripting/monoscript/fileName/AeroplaneAiControl.cs: 277de552b2c5a95e522df981fffd9b25 -> 
  custom:scripting/monoscript/fileName/CameraRefocus.cs: 2faffd18ce20d29396a11c7a26d00f0b -> 
  custom:scripting/monoscript/fileName/CarAudio.cs: aa1ee0763de0da10633dea358d636dfa -> 
  custom:SearchIndexIgnoredProperties: e643bd26f0fe6173181afceb89e7c659 -> 
  custom:scripting/monoscript/fileName/TimedObjectDestructor.cs: bce1a4bbcc9460c16af8171b93c92130 -> 
  custom:AudioImporter_EditorPlatform: d09bf68614088b80899f8185d706f6e7 -> 
  custom:scripting/monoscript/fileName/MobileControlRig.cs: 3524fff44c8126dee0548f9b6ab19d53 -> 
  custom:scripting/monoscript/fileName/ExplosionFireAndDebris.cs: a4e22a51483f0fec49be7cdf8a5ea062 -> 
  custom:scripting/monoscript/fileName/Mudguard.cs: 9b7eeb35af5a40c2a662dfedda0a637e -> 
  custom:scripting/monoscript/fileName/HandHeldCam.cs: 102feb5496df0ea213d53b52e4ec816a -> 
  custom:scripting/monoscript/fileName/AeroplaneControlSurfaceAnimator.cs: 21c229dceda1b70b2049402b7e25af42 -> 
  custom:scripting/monoscript/fileName/EventSystemChecker.cs: 7bccd0826881aa97be03516a055e060b -> 
  custom:scripting/monoscript/fileName/VirtualInput.cs: e290279061a851c625fb61c863776a94 -> 
  custom:scripting/monoscript/fileName/AeroplaneUserControl2Axis.cs: 14515c9b506eace41dcfe397f462d26c -> 
  custom:scripting/monoscript/fileName/WaterHoseParticles.cs: 89cf57233bfde0071976179e25861599 -> 
  custom:scripting/monoscript/fileName/MouseLook.cs: 1413bf4c672f5aacfd2b457b6378eea6 -> 
  custom:scripting/monoscript/fileName/PlatformerCharacter2D.cs: 4addaf30ee88339a30951d7a983b30f0 -> 
  custom:scripting/monoscript/fileName/FPSCounter.cs: 18dc6752cae0b5546ca4b2dc0c7741f5 -> 
  custom:scripting/monoscript/fileName/LerpControlledBob.cs: e3f8ea665fb8f4533c1004d43455b6e7 -> 
  custom:scripting/monoscript/fileName/ButtonHandler.cs: e27d3f4c7505c394dad450c78dd6faf1 -> 
  custom:scripting/monoscript/fileName/LookatTarget.cs: 9e63da8ebe26cdcba5195c51afad6d64 -> 
  custom:scripting/monoscript/fileName/AeroplaneController.cs: e802841375d991beb572904117152dec -> 
  custom:video-encoder-webm-vp8: eb34c28f22e8b96e1ab97ce403110664 -> 
  custom:scripting/monoscript/fileName/CarController.cs: 3071e90b0c01a2ded2b9094f4cf11779 -> 
  custom:audio-decoder-ogg-vorbis: bf7c407c2cedff20999df2af8eb42d56 -> 
  custom:scripting/monoscript/fileName/AfterburnerPhysicsForce.cs: d44e6931e774df3223b064db5fc768f4 -> 
  custom:scripting/monoscript/fileName/candleflicker.cs: e48633a201484451cc1cc8fd2426594c -> 
  custom:scripting/monoscript/fileName/AeroplanePropellerAnimator.cs: 84bd209e8ba18a6550a24cd77f1667cd -> 
  custom:scripting/monoscript/fileName/AxisTouchButton.cs: 31be56f36d53422fd33aa4f9a14e630a -> 
  custom:scripting/monoscript/fileName/BrakeLight.cs: d9c43423d60272a1a08a7f617ec6b90f -> 
  custom:scripting/monoscript/fileName/FollowTarget.cs: 93be4c02dc2bee8af48e06a6c7c2e042 -> 
  custom:scripting/monoscript/fileName/Suspension.cs: d0fad4d3b288fb340503b94a9a30ea10 -> 
  custom:scripting/monoscript/fileName/FireLight.cs: b74a4fa8a2202d735c0c1ea18b63e4e3 -> 
  custom:scripting/monoscript/fileName/FirstPersonController.cs: 4fa5841f7a7dfdfcf291c3718c4ae3a2 -> 
  custom:scripting/monoscript/fileName/ProtectCameraFromWallClip.cs: ef7fc4ea61944018670342bc7b71227c -> 
  custom:scripting/monoscript/fileName/SkidTrail.cs: 95010d8327f7ec969197e1e10813347d -> 
  custom:scripting/monoscript/fileName/Joystick.cs: b54db918c885c01940a25acda1acd280 -> 
  custom:scripting/monoscript/fileName/BallUserControl.cs: 9743cadab53965ad5e73baf18187d830 -> 
  custom:scripting/monoscript/fileName/FreeLookCam.cs: ec7e447c8320099965c5f3bd81473d66 -> 
  custom:audio-encoder-webm-vorbis: bf7c407c2cedff20999df2af8eb42d56 -> 
  custom:scripting/monoscript/fileName/PlatformSpecificContent.cs: 5abb8e8ef7a06ce1842fe9ff26eac2dd -> 
  custom:scripting/monoscript/fileName/AutoMoveAndRotate.cs: ca0e96f72f32239308122375a052b980 -> 
  custom:scripting/monoscript/fileName/ThirdPersonUserControl.cs: e55dad970175c9485c04ecbb87a3ac80 -> 
  custom:scripting/monoscript/fileName/Hose.cs: c8fd2412a0d6a1fdbc6b0e572bd14e28 -> 
  custom:scripting/monoscript/fileName/HeadBob.cs: fde5c6524c06827dce9419ce121f4f6b -> 
  custom:scripting/monoscript/fileName/ObjectResetter.cs: 037abf2de53ab0026436c32f7a941658 -> 
  custom:scripting/monoscript/fileName/GerstnerDisplaceEditor.cs: 72d35297308bd299cac852a206b722ae -> 
  custom:scripting/monoscript/fileName/Restarter.cs: f04be04f6655050adbb7cd8ed5faf27f -> 
  custom:scripting/monoscript/fileName/Platformer2DUserControl.cs: a50f723067caa1c8938ae9953000bd49 -> 
  custom:scripting/monoscript/fileName/WheelEffects.cs: 3e8d23c4da089aaf7c65f9593b57f775 -> 
========================================================================
Received Prepare
Begin MonoManager ReloadAssembly
- Loaded All Assemblies, in  0.315 seconds
Refreshing native plugins compatible for Editor in 1.63 ms, found 3 plugins.
Native extension for WindowsStandalone target not found
Native extension for WebGL target not found
[Package Manager] Server::EnsureServerProcessIsRunning -- launch failed, reason: Unity was launched with the -noUpm command-line argument
[Package Manager] UpmClient::Send -- Unable to send message (not connected to UPM process).
[Package Manager] Cannot connect to Unity Package Manager local server
Mono: successfully reloaded assembly
- Finished resetting the current domain, in  0.685 seconds
Domain Reload Profiling: 999ms
	BeginReloadAssembly (116ms)
		ExecutionOrderSort (0ms)
		DisableScriptedObjects (3ms)
		BackupInstance (0ms)
		ReleaseScriptingObjects (0ms)
		CreateAndSetChildDomain (24ms)
	RebuildCommonClasses (24ms)
	RebuildNativeTypeToScriptingClass (8ms)
	initialDomainReloadingComplete (24ms)
	LoadAllAssembliesAndSetupDomain (142ms)
		LoadAssemblies (195ms)
		RebuildTransferFunctionScriptingTraits (0ms)
		AnalyzeDomain (9ms)
			TypeCache.Refresh (4ms)
				TypeCache.ScanAssembly (0ms)
			ScanForSourceGeneratedMonoScriptInfo (0ms)
			ResolveRequiredComponents (3ms)
	FinalizeReload (686ms)
		ReleaseScriptCaches (0ms)
		RebuildScriptCaches (0ms)
		SetupLoadedEditorAssemblies (377ms)
			LogAssemblyErrors (0ms)
			InitializePlatformSupportModulesInManaged (6ms)
			SetLoadedEditorAssemblies (2ms)
			RefreshPlugins (0ms)
			BeforeProcessingInitializeOnLoad (46ms)
			ProcessInitializeOnLoadAttributes (302ms)
			ProcessInitializeOnLoadMethodAttributes (13ms)
			AfterProcessingInitializeOnLoad (7ms)
			EditorAssembliesLoaded (0ms)
		ExecutionOrderSort2 (0ms)
		AwakeInstancesAfterBackupRestoration (5ms)
Refreshing native plugins compatible for Editor in 1.40 ms, found 3 plugins.
Preloading 0 native plugins for Editor in 0.00 ms.
Unloading 3630 Unused Serialized files (Serialized files now loaded: 0)
Unloading 58 unused Assets / (3.3 MB). Loaded Objects now: 4181.
Memory consumption went from 157.9 MB to 154.6 MB.
Total: 2.919000 ms (FindLiveObjects: 0.208400 ms CreateObjectMapping: 0.104700 ms MarkObjects: 1.799000 ms  DeleteObjects: 0.806100 ms)

Prepare: number of updated asset objects reloaded= 0
AssetImportParameters requested are different than current active one (requested -> active):
  custom:scripting/monoscript/fileName/MobileInput.cs: dfa415439f330b7749adb2ef7567c3e4 -> 
  custom:scripting/monoscript/fileName/InputAxisScrollbar.cs: ce23cb16d4e46181bfcdc67e0abad940 -> 
  custom:container-demuxer-ogg: 62fdf1f143b41e24485cea50d1cbac27 -> 
  custom:scripting/monoscript/fileName/PlanarReflectionEditor.cs: ed94d3b3f05fd5fc975e024a9f9d2d2b -> 
  custom:scripting/monoscript/fileName/AeroplaneUserControl4Axis.cs: 4f06f4ef700dd439a594dbbc036b9fa3 -> 
  custom:scripting/monoscript/fileName/ActivateTrigger.cs: c94789aa9e8004cad1e54b531012d83a -> 
  custom:scripting/monoscript/fileName/CarAIControl.cs: d1473508a61a7c22fa581f303c83146a -> 
  custom:scripting/monoscript/fileName/WaypointCircuit.cs: 54e952fb6b763eca02bad0728655deb7 -> 
  custom:scripting/monoscript/fileName/ParticleSystemDestroyer.cs: e9db870dc4c33b83d7965fdc6fe482f5 -> 
  custom:scripting/monoscript/fileName/LandingGear.cs: 7fb64bfd9e273053d29150adadac6d16 -> 
  custom:scripting/monoscript/fileName/CrossPlatformInputInitialize.cs: 957a994b43bb271adc778fbadd721ef1 -> 
  custom:scripting/monoscript/fileName/ExplosionPhysicsForce.cs: e3d1ad6abc1a34f5a9fd7c32b23969ac -> 
  custom:scripting/monoscript/fileName/CrossPlatformInputManager.cs: a6a27da3c2613aab4b889711813fe29f -> 
  custom:scripting/monoscript/fileName/DragRigidbody.cs: af6487145851a9f92f2704a8e0948d6e -> 
  custom:scripting/monoscript/fileName/SmokeParticles.cs: 5e47247cb641abf97e56ce594b12e84f -> 
  custom:video-decoder-ogg-theora: a1e56fd34408186e4bbccfd4996cb3dc -> 
  custom:scripting/monoscript/fileName/WaterBaseEditor.cs: 716a5ceb078ae0e05ad78839c549060b -> 
  custom:framework-win-MediaFoundation: 216162199b28c13a410421893ffa2e32 -> 
  custom:scripting/monoscript/fileName/AeroplaneAudio.cs: f7f5e167200e1cab79cb101583c0f507 -> 
  custom:scripting/monoscript/fileName/Camera2DFollow.cs: 36b0e7285d6f6f90fc4dbbcbf9fd584d -> 
  custom:scripting/monoscript/fileName/TouchPad.cs: 71af049078ebd826d8919ba90a4412d3 -> 
  custom:scripting/monoscript/fileName/TiltInput.cs: 298cab2ca5ef1ae659d7256d2dbeb1ed -> 
  custom:scripting/monoscript/fileName/RigidbodyFirstPersonController.cs: 303e518c916e9011e00a96a1504f3543 -> 
  custom:scripting/monoscript/fileName/SmoothFollow.cs: a07fd7df12bc7fba739834867140f167 -> 
  custom:scripting/monoscript/fileName/Ball.cs: c405c7c486f8c791b69a838bad56931d -> 
  custom:scripting/monoscript/fileName/ExtinguishableParticleSystem.cs: e4f67cb5c21ad9e1a057261e7518ba44 -> 
  custom:CustomObjectIndexerAttribute: 756ad292c208cfabdd7b50bc23989ffe -> 
  custom:scripting/monoscript/fileName/AICharacterControl.cs: a5d08ec5093687a59363b0e1fe1fbbf8 -> 
  custom:scripting/monoscript/fileName/DynamicShadowSettings.cs: 325596f0baf85da0d965fea14b11bb8b -> 
  custom:scripting/monoscript/fileName/CurveControlledBob.cs: 90e86216bd5f53d9fe3087ae7bf389f1 -> 
  custom:scripting/monoscript/fileName/AutoMobileShaderSwitch.cs: e55bd94d791efdfd8def29f52dc8447b -> 
  custom:scripting/monoscript/fileName/AlphaButtonClickMask.cs: 0e8b09d4b0d299b77424ad90e670a9d2 -> 
  custom:scripting/monoscript/fileName/CarUserControl.cs: 0f9d03ad84d4a18a367e665baa6a78af -> 
  custom:container-demuxer-webm: 4f35f7cbe854078d1ac9338744f61a02 -> 
  custom:scripting/monoscript/fileName/SpecularLightingEditor.cs: 8629f86e1ee9f2e08dfb5eddbab71070 -> 
  custom:scripting/monoscript/fileName/StandaloneInput.cs: 8cfda68f78df3b7dc3040fdb29fc2cd1 -> 
  custom:scripting/monoscript/fileName/CarSelfRighting.cs: 88db1e19f2bf5b2535e6ed223cef213a -> 
  custom:scripting/monoscript/fileName/AbstractTargetFollower.cs: bd8be3102d90dc7625e90c699b9ce143 -> 
  custom:scripting/monoscript/fileName/JetParticleEffect.cs: 9e1d229fcfd5effa5ec55873fa75e9c8 -> 
  custom:scripting/monoscript/fileName/FOVKick.cs: c76896347c620802192507d0a92d05a3 -> 
  custom:scripting/monoscript/fileName/TimedObjectActivator.cs: 25495e754d3d277d8e763837b64bf2ba -> 
  custom:scripting/monoscript/fileName/CameraFollow.cs: a051181a8942461b86eabf953d0b997b -> 
  custom:scripting/monoscript/fileName/AutoCam.cs: 464f4516cbb6dd097ab3ec4329345f37 -> 
  custom:scripting/monoscript/fileName/PivotBasedCameraRig.cs: 78e2e6573322fcc55af450266306de6e -> 
  custom:scripting/monoscript/fileName/WaypointProgressTracker.cs: fb6262ee8f74f6dc3758b58e5ee18955 -> 
  custom:scripting/monoscript/fileName/ThirdPersonCharacter.cs: 2bfe283923f980e64bf82c42cd6513ec -> 
  custom:scripting/monoscript/fileName/WaterEditorUtility.cs: 9e04db570781127f08ded71ac3abac1d -> 
  custom:scripting/monoscript/fileName/SimpleMouseRotator.cs: 9ea47a4777a3a00316a90faf1a6f313d -> 
  custom:container-muxer-webm: aa71ff27fc2769a1b78a27578f13a17b -> 
  custom:scripting/monoscript/fileName/ParticleSystemMultiplier.cs: 8c5eeca5294173db54ffca6ac53ee34e -> 
  custom:scripting/monoscript/fileName/Explosive.cs: a3e9e45cef7576efad31592121584452 -> 
  custom:scripting/monoscript/fileName/TargetFieldOfView.cs: eb0697c079ff84905b5591e4ef59be1b -> 
  custom:video-decoder-webm-vp8: 9c59270c3fd7afecdb556c50c9e8de78 -> 
  custom:scripting/monoscript/fileName/AeroplaneAiControl.cs: 277de552b2c5a95e522df981fffd9b25 -> 
  custom:scripting/monoscript/fileName/CameraRefocus.cs: 2faffd18ce20d29396a11c7a26d00f0b -> 
  custom:scripting/monoscript/fileName/CarAudio.cs: aa1ee0763de0da10633dea358d636dfa -> 
  custom:SearchIndexIgnoredProperties: e643bd26f0fe6173181afceb89e7c659 -> 
  custom:scripting/monoscript/fileName/TimedObjectDestructor.cs: bce1a4bbcc9460c16af8171b93c92130 -> 
  custom:AudioImporter_EditorPlatform: d09bf68614088b80899f8185d706f6e7 -> 
  custom:scripting/monoscript/fileName/MobileControlRig.cs: 3524fff44c8126dee0548f9b6ab19d53 -> 
  custom:scripting/monoscript/fileName/ExplosionFireAndDebris.cs: a4e22a51483f0fec49be7cdf8a5ea062 -> 
  custom:scripting/monoscript/fileName/Mudguard.cs: 9b7eeb35af5a40c2a662dfedda0a637e -> 
  custom:scripting/monoscript/fileName/HandHeldCam.cs: 102feb5496df0ea213d53b52e4ec816a -> 
  custom:scripting/monoscript/fileName/AeroplaneControlSurfaceAnimator.cs: 21c229dceda1b70b2049402b7e25af42 -> 
  custom:scripting/monoscript/fileName/EventSystemChecker.cs: 7bccd0826881aa97be03516a055e060b -> 
  custom:scripting/monoscript/fileName/VirtualInput.cs: e290279061a851c625fb61c863776a94 -> 
  custom:scripting/monoscript/fileName/AeroplaneUserControl2Axis.cs: 14515c9b506eace41dcfe397f462d26c -> 
  custom:scripting/monoscript/fileName/WaterHoseParticles.cs: 89cf57233bfde0071976179e25861599 -> 
  custom:scripting/monoscript/fileName/MouseLook.cs: 1413bf4c672f5aacfd2b457b6378eea6 -> 
  custom:scripting/monoscript/fileName/PlatformerCharacter2D.cs: 4addaf30ee88339a30951d7a983b30f0 -> 
  custom:scripting/monoscript/fileName/FPSCounter.cs: 18dc6752cae0b5546ca4b2dc0c7741f5 -> 
  custom:scripting/monoscript/fileName/LerpControlledBob.cs: e3f8ea665fb8f4533c1004d43455b6e7 -> 
  custom:scripting/monoscript/fileName/ButtonHandler.cs: e27d3f4c7505c394dad450c78dd6faf1 -> 
  custom:scripting/monoscript/fileName/LookatTarget.cs: 9e63da8ebe26cdcba5195c51afad6d64 -> 
  custom:scripting/monoscript/fileName/AeroplaneController.cs: e802841375d991beb572904117152dec -> 
  custom:video-encoder-webm-vp8: eb34c28f22e8b96e1ab97ce403110664 -> 
  custom:scripting/monoscript/fileName/CarController.cs: 3071e90b0c01a2ded2b9094f4cf11779 -> 
  custom:audio-decoder-ogg-vorbis: bf7c407c2cedff20999df2af8eb42d56 -> 
  custom:scripting/monoscript/fileName/AfterburnerPhysicsForce.cs: d44e6931e774df3223b064db5fc768f4 -> 
  custom:scripting/monoscript/fileName/candleflicker.cs: e48633a201484451cc1cc8fd2426594c -> 
  custom:scripting/monoscript/fileName/AeroplanePropellerAnimator.cs: 84bd209e8ba18a6550a24cd77f1667cd -> 
  custom:scripting/monoscript/fileName/AxisTouchButton.cs: 31be56f36d53422fd33aa4f9a14e630a -> 
  custom:scripting/monoscript/fileName/BrakeLight.cs: d9c43423d60272a1a08a7f617ec6b90f -> 
  custom:scripting/monoscript/fileName/FollowTarget.cs: 93be4c02dc2bee8af48e06a6c7c2e042 -> 
  custom:scripting/monoscript/fileName/Suspension.cs: d0fad4d3b288fb340503b94a9a30ea10 -> 
  custom:scripting/monoscript/fileName/FireLight.cs: b74a4fa8a2202d735c0c1ea18b63e4e3 -> 
  custom:scripting/monoscript/fileName/FirstPersonController.cs: 4fa5841f7a7dfdfcf291c3718c4ae3a2 -> 
  custom:scripting/monoscript/fileName/ProtectCameraFromWallClip.cs: ef7fc4ea61944018670342bc7b71227c -> 
  custom:scripting/monoscript/fileName/SkidTrail.cs: 95010d8327f7ec969197e1e10813347d -> 
  custom:scripting/monoscript/fileName/Joystick.cs: b54db918c885c01940a25acda1acd280 -> 
  custom:scripting/monoscript/fileName/BallUserControl.cs: 9743cadab53965ad5e73baf18187d830 -> 
  custom:scripting/monoscript/fileName/FreeLookCam.cs: ec7e447c8320099965c5f3bd81473d66 -> 
  custom:audio-encoder-webm-vorbis: bf7c407c2cedff20999df2af8eb42d56 -> 
  custom:scripting/monoscript/fileName/PlatformSpecificContent.cs: 5abb8e8ef7a06ce1842fe9ff26eac2dd -> 
  custom:scripting/monoscript/fileName/AutoMoveAndRotate.cs: ca0e96f72f32239308122375a052b980 -> 
  custom:scripting/monoscript/fileName/ThirdPersonUserControl.cs: e55dad970175c9485c04ecbb87a3ac80 -> 
  custom:scripting/monoscript/fileName/Hose.cs: c8fd2412a0d6a1fdbc6b0e572bd14e28 -> 
  custom:scripting/monoscript/fileName/HeadBob.cs: fde5c6524c06827dce9419ce121f4f6b -> 
  custom:scripting/monoscript/fileName/ObjectResetter.cs: 037abf2de53ab0026436c32f7a941658 -> 
  custom:scripting/monoscript/fileName/GerstnerDisplaceEditor.cs: 72d35297308bd299cac852a206b722ae -> 
  custom:scripting/monoscript/fileName/Restarter.cs: f04be04f6655050adbb7cd8ed5faf27f -> 
  custom:scripting/monoscript/fileName/Platformer2DUserControl.cs: a50f723067caa1c8938ae9953000bd49 -> 
  custom:scripting/monoscript/fileName/WheelEffects.cs: 3e8d23c4da089aaf7c65f9593b57f775 -> 
========================================================================
Received Prepare
Begin MonoManager ReloadAssembly
- Loaded All Assemblies, in  0.316 seconds
Refreshing native plugins compatible for Editor in 1.42 ms, found 3 plugins.
Native extension for WindowsStandalone target not found
Native extension for WebGL target not found
[Package Manager] Server::EnsureServerProcessIsRunning -- launch failed, reason: Unity was launched with the -noUpm command-line argument
[Package Manager] UpmClient::Send -- Unable to send message (not connected to UPM process).
[Package Manager] Cannot connect to Unity Package Manager local server
Mono: successfully reloaded assembly
- Finished resetting the current domain, in  0.688 seconds
Domain Reload Profiling: 1003ms
	BeginReloadAssembly (115ms)
		ExecutionOrderSort (0ms)
		DisableScriptedObjects (3ms)
		BackupInstance (0ms)
		ReleaseScriptingObjects (0ms)
		CreateAndSetChildDomain (25ms)
	RebuildCommonClasses (30ms)
	RebuildNativeTypeToScriptingClass (8ms)
	initialDomainReloadingComplete (22ms)
	LoadAllAssembliesAndSetupDomain (140ms)
		LoadAssemblies (192ms)
		RebuildTransferFunctionScriptingTraits (0ms)
		AnalyzeDomain (9ms)
			TypeCache.Refresh (4ms)
				TypeCache.ScanAssembly (0ms)
			ScanForSourceGeneratedMonoScriptInfo (0ms)
			ResolveRequiredComponents (3ms)
	FinalizeReload (689ms)
		ReleaseScriptCaches (0ms)
		RebuildScriptCaches (0ms)
		SetupLoadedEditorAssemblies (376ms)
			LogAssemblyErrors (0ms)
			InitializePlatformSupportModulesInManaged (6ms)
			SetLoadedEditorAssemblies (2ms)
			RefreshPlugins (0ms)
			BeforeProcessingInitializeOnLoad (46ms)
			ProcessInitializeOnLoadAttributes (302ms)
			ProcessInitializeOnLoadMethodAttributes (13ms)
			AfterProcessingInitializeOnLoad (7ms)
			EditorAssembliesLoaded (0ms)
		ExecutionOrderSort2 (0ms)
		AwakeInstancesAfterBackupRestoration (5ms)
Refreshing native plugins compatible for Editor in 1.55 ms, found 3 plugins.
Preloading 0 native plugins for Editor in 0.00 ms.
Unloading 3630 Unused Serialized files (Serialized files now loaded: 0)
Unloading 58 unused Assets / (3.3 MB). Loaded Objects now: 4184.
Memory consumption went from 157.9 MB to 154.6 MB.
Total: 3.098300 ms (FindLiveObjects: 0.208500 ms CreateObjectMapping: 0.114800 ms MarkObjects: 1.955100 ms  DeleteObjects: 0.819300 ms)

Prepare: number of updated asset objects reloaded= 0
AssetImportParameters requested are different than current active one (requested -> active):
  custom:scripting/monoscript/fileName/MobileInput.cs: dfa415439f330b7749adb2ef7567c3e4 -> 
  custom:scripting/monoscript/fileName/InputAxisScrollbar.cs: ce23cb16d4e46181bfcdc67e0abad940 -> 
  custom:container-demuxer-ogg: 62fdf1f143b41e24485cea50d1cbac27 -> 
  custom:scripting/monoscript/fileName/PlanarReflectionEditor.cs: ed94d3b3f05fd5fc975e024a9f9d2d2b -> 
  custom:scripting/monoscript/fileName/AeroplaneUserControl4Axis.cs: 4f06f4ef700dd439a594dbbc036b9fa3 -> 
  custom:scripting/monoscript/fileName/ActivateTrigger.cs: c94789aa9e8004cad1e54b531012d83a -> 
  custom:scripting/monoscript/fileName/CarAIControl.cs: d1473508a61a7c22fa581f303c83146a -> 
  custom:scripting/monoscript/fileName/WaypointCircuit.cs: 54e952fb6b763eca02bad0728655deb7 -> 
  custom:scripting/monoscript/fileName/ParticleSystemDestroyer.cs: e9db870dc4c33b83d7965fdc6fe482f5 -> 
  custom:scripting/monoscript/fileName/LandingGear.cs: 7fb64bfd9e273053d29150adadac6d16 -> 
  custom:scripting/monoscript/fileName/CrossPlatformInputInitialize.cs: 957a994b43bb271adc778fbadd721ef1 -> 
  custom:scripting/monoscript/fileName/ExplosionPhysicsForce.cs: e3d1ad6abc1a34f5a9fd7c32b23969ac -> 
  custom:scripting/monoscript/fileName/CrossPlatformInputManager.cs: a6a27da3c2613aab4b889711813fe29f -> 
  custom:scripting/monoscript/fileName/DragRigidbody.cs: af6487145851a9f92f2704a8e0948d6e -> 
  custom:scripting/monoscript/fileName/SmokeParticles.cs: 5e47247cb641abf97e56ce594b12e84f -> 
  custom:video-decoder-ogg-theora: a1e56fd34408186e4bbccfd4996cb3dc -> 
  custom:scripting/monoscript/fileName/WaterBaseEditor.cs: 716a5ceb078ae0e05ad78839c549060b -> 
  custom:framework-win-MediaFoundation: 216162199b28c13a410421893ffa2e32 -> 
  custom:scripting/monoscript/fileName/AeroplaneAudio.cs: f7f5e167200e1cab79cb101583c0f507 -> 
  custom:scripting/monoscript/fileName/Camera2DFollow.cs: 36b0e7285d6f6f90fc4dbbcbf9fd584d -> 
  custom:scripting/monoscript/fileName/TouchPad.cs: 71af049078ebd826d8919ba90a4412d3 -> 
  custom:scripting/monoscript/fileName/TiltInput.cs: 298cab2ca5ef1ae659d7256d2dbeb1ed -> 
  custom:scripting/monoscript/fileName/RigidbodyFirstPersonController.cs: 303e518c916e9011e00a96a1504f3543 -> 
  custom:scripting/monoscript/fileName/SmoothFollow.cs: a07fd7df12bc7fba739834867140f167 -> 
  custom:scripting/monoscript/fileName/Ball.cs: c405c7c486f8c791b69a838bad56931d -> 
  custom:scripting/monoscript/fileName/ExtinguishableParticleSystem.cs: e4f67cb5c21ad9e1a057261e7518ba44 -> 
  custom:CustomObjectIndexerAttribute: 756ad292c208cfabdd7b50bc23989ffe -> 
  custom:scripting/monoscript/fileName/AICharacterControl.cs: a5d08ec5093687a59363b0e1fe1fbbf8 -> 
  custom:scripting/monoscript/fileName/DynamicShadowSettings.cs: 325596f0baf85da0d965fea14b11bb8b -> 
  custom:scripting/monoscript/fileName/CurveControlledBob.cs: 90e86216bd5f53d9fe3087ae7bf389f1 -> 
  custom:scripting/monoscript/fileName/AutoMobileShaderSwitch.cs: e55bd94d791efdfd8def29f52dc8447b -> 
  custom:scripting/monoscript/fileName/AlphaButtonClickMask.cs: 0e8b09d4b0d299b77424ad90e670a9d2 -> 
  custom:scripting/monoscript/fileName/CarUserControl.cs: 0f9d03ad84d4a18a367e665baa6a78af -> 
  custom:container-demuxer-webm: 4f35f7cbe854078d1ac9338744f61a02 -> 
  custom:scripting/monoscript/fileName/SpecularLightingEditor.cs: 8629f86e1ee9f2e08dfb5eddbab71070 -> 
  custom:scripting/monoscript/fileName/StandaloneInput.cs: 8cfda68f78df3b7dc3040fdb29fc2cd1 -> 
  custom:scripting/monoscript/fileName/CarSelfRighting.cs: 88db1e19f2bf5b2535e6ed223cef213a -> 
  custom:scripting/monoscript/fileName/AbstractTargetFollower.cs: bd8be3102d90dc7625e90c699b9ce143 -> 
  custom:scripting/monoscript/fileName/JetParticleEffect.cs: 9e1d229fcfd5effa5ec55873fa75e9c8 -> 
  custom:scripting/monoscript/fileName/FOVKick.cs: c76896347c620802192507d0a92d05a3 -> 
  custom:scripting/monoscript/fileName/TimedObjectActivator.cs: 25495e754d3d277d8e763837b64bf2ba -> 
  custom:scripting/monoscript/fileName/CameraFollow.cs: a051181a8942461b86eabf953d0b997b -> 
  custom:scripting/monoscript/fileName/AutoCam.cs: 464f4516cbb6dd097ab3ec4329345f37 -> 
  custom:scripting/monoscript/fileName/PivotBasedCameraRig.cs: 78e2e6573322fcc55af450266306de6e -> 
  custom:scripting/monoscript/fileName/WaypointProgressTracker.cs: fb6262ee8f74f6dc3758b58e5ee18955 -> 
  custom:scripting/monoscript/fileName/ThirdPersonCharacter.cs: 2bfe283923f980e64bf82c42cd6513ec -> 
  custom:scripting/monoscript/fileName/WaterEditorUtility.cs: 9e04db570781127f08ded71ac3abac1d -> 
  custom:scripting/monoscript/fileName/SimpleMouseRotator.cs: 9ea47a4777a3a00316a90faf1a6f313d -> 
  custom:container-muxer-webm: aa71ff27fc2769a1b78a27578f13a17b -> 
  custom:scripting/monoscript/fileName/ParticleSystemMultiplier.cs: 8c5eeca5294173db54ffca6ac53ee34e -> 
  custom:scripting/monoscript/fileName/Explosive.cs: a3e9e45cef7576efad31592121584452 -> 
  custom:scripting/monoscript/fileName/TargetFieldOfView.cs: eb0697c079ff84905b5591e4ef59be1b -> 
  custom:video-decoder-webm-vp8: 9c59270c3fd7afecdb556c50c9e8de78 -> 
  custom:scripting/monoscript/fileName/AeroplaneAiControl.cs: 277de552b2c5a95e522df981fffd9b25 -> 
  custom:scripting/monoscript/fileName/CameraRefocus.cs: 2faffd18ce20d29396a11c7a26d00f0b -> 
  custom:scripting/monoscript/fileName/CarAudio.cs: aa1ee0763de0da10633dea358d636dfa -> 
  custom:SearchIndexIgnoredProperties: e643bd26f0fe6173181afceb89e7c659 -> 
  custom:scripting/monoscript/fileName/TimedObjectDestructor.cs: bce1a4bbcc9460c16af8171b93c92130 -> 
  custom:AudioImporter_EditorPlatform: d09bf68614088b80899f8185d706f6e7 -> 
  custom:scripting/monoscript/fileName/MobileControlRig.cs: 3524fff44c8126dee0548f9b6ab19d53 -> 
  custom:scripting/monoscript/fileName/ExplosionFireAndDebris.cs: a4e22a51483f0fec49be7cdf8a5ea062 -> 
  custom:scripting/monoscript/fileName/Mudguard.cs: 9b7eeb35af5a40c2a662dfedda0a637e -> 
  custom:scripting/monoscript/fileName/HandHeldCam.cs: 102feb5496df0ea213d53b52e4ec816a -> 
  custom:scripting/monoscript/fileName/AeroplaneControlSurfaceAnimator.cs: 21c229dceda1b70b2049402b7e25af42 -> 
  custom:scripting/monoscript/fileName/EventSystemChecker.cs: 7bccd0826881aa97be03516a055e060b -> 
  custom:scripting/monoscript/fileName/VirtualInput.cs: e290279061a851c625fb61c863776a94 -> 
  custom:scripting/monoscript/fileName/AeroplaneUserControl2Axis.cs: 14515c9b506eace41dcfe397f462d26c -> 
  custom:scripting/monoscript/fileName/WaterHoseParticles.cs: 89cf57233bfde0071976179e25861599 -> 
  custom:scripting/monoscript/fileName/MouseLook.cs: 1413bf4c672f5aacfd2b457b6378eea6 -> 
  custom:scripting/monoscript/fileName/PlatformerCharacter2D.cs: 4addaf30ee88339a30951d7a983b30f0 -> 
  custom:scripting/monoscript/fileName/FPSCounter.cs: 18dc6752cae0b5546ca4b2dc0c7741f5 -> 
  custom:scripting/monoscript/fileName/LerpControlledBob.cs: e3f8ea665fb8f4533c1004d43455b6e7 -> 
  custom:scripting/monoscript/fileName/ButtonHandler.cs: e27d3f4c7505c394dad450c78dd6faf1 -> 
  custom:scripting/monoscript/fileName/LookatTarget.cs: 9e63da8ebe26cdcba5195c51afad6d64 -> 
  custom:scripting/monoscript/fileName/AeroplaneController.cs: e802841375d991beb572904117152dec -> 
  custom:video-encoder-webm-vp8: eb34c28f22e8b96e1ab97ce403110664 -> 
  custom:scripting/monoscript/fileName/CarController.cs: 3071e90b0c01a2ded2b9094f4cf11779 -> 
  custom:audio-decoder-ogg-vorbis: bf7c407c2cedff20999df2af8eb42d56 -> 
  custom:scripting/monoscript/fileName/AfterburnerPhysicsForce.cs: d44e6931e774df3223b064db5fc768f4 -> 
  custom:scripting/monoscript/fileName/candleflicker.cs: e48633a201484451cc1cc8fd2426594c -> 
  custom:scripting/monoscript/fileName/AeroplanePropellerAnimator.cs: 84bd209e8ba18a6550a24cd77f1667cd -> 
  custom:scripting/monoscript/fileName/AxisTouchButton.cs: 31be56f36d53422fd33aa4f9a14e630a -> 
  custom:scripting/monoscript/fileName/BrakeLight.cs: d9c43423d60272a1a08a7f617ec6b90f -> 
  custom:scripting/monoscript/fileName/FollowTarget.cs: 93be4c02dc2bee8af48e06a6c7c2e042 -> 
  custom:scripting/monoscript/fileName/Suspension.cs: d0fad4d3b288fb340503b94a9a30ea10 -> 
  custom:scripting/monoscript/fileName/FireLight.cs: b74a4fa8a2202d735c0c1ea18b63e4e3 -> 
  custom:scripting/monoscript/fileName/FirstPersonController.cs: 4fa5841f7a7dfdfcf291c3718c4ae3a2 -> 
  custom:scripting/monoscript/fileName/ProtectCameraFromWallClip.cs: ef7fc4ea61944018670342bc7b71227c -> 
  custom:scripting/monoscript/fileName/SkidTrail.cs: 95010d8327f7ec969197e1e10813347d -> 
  custom:scripting/monoscript/fileName/Joystick.cs: b54db918c885c01940a25acda1acd280 -> 
  custom:scripting/monoscript/fileName/BallUserControl.cs: 9743cadab53965ad5e73baf18187d830 -> 
  custom:scripting/monoscript/fileName/FreeLookCam.cs: ec7e447c8320099965c5f3bd81473d66 -> 
  custom:audio-encoder-webm-vorbis: bf7c407c2cedff20999df2af8eb42d56 -> 
  custom:scripting/monoscript/fileName/PlatformSpecificContent.cs: 5abb8e8ef7a06ce1842fe9ff26eac2dd -> 
  custom:scripting/monoscript/fileName/AutoMoveAndRotate.cs: ca0e96f72f32239308122375a052b980 -> 
  custom:scripting/monoscript/fileName/ThirdPersonUserControl.cs: e55dad970175c9485c04ecbb87a3ac80 -> 
  custom:scripting/monoscript/fileName/Hose.cs: c8fd2412a0d6a1fdbc6b0e572bd14e28 -> 
  custom:scripting/monoscript/fileName/HeadBob.cs: fde5c6524c06827dce9419ce121f4f6b -> 
  custom:scripting/monoscript/fileName/ObjectResetter.cs: 037abf2de53ab0026436c32f7a941658 -> 
  custom:scripting/monoscript/fileName/GerstnerDisplaceEditor.cs: 72d35297308bd299cac852a206b722ae -> 
  custom:scripting/monoscript/fileName/Restarter.cs: f04be04f6655050adbb7cd8ed5faf27f -> 
  custom:scripting/monoscript/fileName/Platformer2DUserControl.cs: a50f723067caa1c8938ae9953000bd49 -> 
  custom:scripting/monoscript/fileName/WheelEffects.cs: 3e8d23c4da089aaf7c65f9593b57f775 -> 
========================================================================
Received Prepare
Begin MonoManager ReloadAssembly
- Loaded All Assemblies, in  0.305 seconds
Refreshing native plugins compatible for Editor in 1.42 ms, found 3 plugins.
Native extension for WindowsStandalone target not found
Native extension for WebGL target not found
[Package Manager] Server::EnsureServerProcessIsRunning -- launch failed, reason: Unity was launched with the -noUpm command-line argument
[Package Manager] UpmClient::Send -- Unable to send message (not connected to UPM process).
[Package Manager] Cannot connect to Unity Package Manager local server
Mono: successfully reloaded assembly
- Finished resetting the current domain, in  0.671 seconds
Domain Reload Profiling: 974ms
	BeginReloadAssembly (113ms)
		ExecutionOrderSort (0ms)
		DisableScriptedObjects (4ms)
		BackupInstance (0ms)
		ReleaseScriptingObjects (0ms)
		CreateAndSetChildDomain (24ms)
	RebuildCommonClasses (24ms)
	RebuildNativeTypeToScriptingClass (8ms)
	initialDomainReloadingComplete (21ms)
	LoadAllAssembliesAndSetupDomain (136ms)
		LoadAssemblies (187ms)
		RebuildTransferFunctionScriptingTraits (0ms)
		AnalyzeDomain (9ms)
			TypeCache.Refresh (4ms)
				TypeCache.ScanAssembly (0ms)
			ScanForSourceGeneratedMonoScriptInfo (0ms)
			ResolveRequiredComponents (3ms)
	FinalizeReload (671ms)
		ReleaseScriptCaches (0ms)
		RebuildScriptCaches (0ms)
		SetupLoadedEditorAssemblies (365ms)
			LogAssemblyErrors (0ms)
			InitializePlatformSupportModulesInManaged (6ms)
			SetLoadedEditorAssemblies (2ms)
			RefreshPlugins (0ms)
			BeforeProcessingInitializeOnLoad (45ms)
			ProcessInitializeOnLoadAttributes (292ms)
			ProcessInitializeOnLoadMethodAttributes (14ms)
			AfterProcessingInitializeOnLoad (7ms)
			EditorAssembliesLoaded (0ms)
		ExecutionOrderSort2 (0ms)
		AwakeInstancesAfterBackupRestoration (5ms)
Refreshing native plugins compatible for Editor in 1.86 ms, found 3 plugins.
Preloading 0 native plugins for Editor in 0.00 ms.
Unloading 3630 Unused Serialized files (Serialized files now loaded: 0)
Unloading 58 unused Assets / (3.3 MB). Loaded Objects now: 4187.
Memory consumption went from 157.9 MB to 154.6 MB.
Total: 3.630300 ms (FindLiveObjects: 0.276200 ms CreateObjectMapping: 0.117200 ms MarkObjects: 2.207100 ms  DeleteObjects: 1.028800 ms)

Prepare: number of updated asset objects reloaded= 0
AssetImportParameters requested are different than current active one (requested -> active):
  custom:scripting/monoscript/fileName/MobileInput.cs: dfa415439f330b7749adb2ef7567c3e4 -> 
  custom:scripting/monoscript/fileName/InputAxisScrollbar.cs: ce23cb16d4e46181bfcdc67e0abad940 -> 
  custom:container-demuxer-ogg: 62fdf1f143b41e24485cea50d1cbac27 -> 
  custom:scripting/monoscript/fileName/PlanarReflectionEditor.cs: ed94d3b3f05fd5fc975e024a9f9d2d2b -> 
  custom:scripting/monoscript/fileName/AeroplaneUserControl4Axis.cs: 4f06f4ef700dd439a594dbbc036b9fa3 -> 
  custom:scripting/monoscript/fileName/ActivateTrigger.cs: c94789aa9e8004cad1e54b531012d83a -> 
  custom:scripting/monoscript/fileName/CarAIControl.cs: d1473508a61a7c22fa581f303c83146a -> 
  custom:scripting/monoscript/fileName/WaypointCircuit.cs: 54e952fb6b763eca02bad0728655deb7 -> 
  custom:scripting/monoscript/fileName/ParticleSystemDestroyer.cs: e9db870dc4c33b83d7965fdc6fe482f5 -> 
  custom:scripting/monoscript/fileName/LandingGear.cs: 7fb64bfd9e273053d29150adadac6d16 -> 
  custom:scripting/monoscript/fileName/CrossPlatformInputInitialize.cs: 957a994b43bb271adc778fbadd721ef1 -> 
  custom:scripting/monoscript/fileName/ExplosionPhysicsForce.cs: e3d1ad6abc1a34f5a9fd7c32b23969ac -> 
  custom:scripting/monoscript/fileName/CrossPlatformInputManager.cs: a6a27da3c2613aab4b889711813fe29f -> 
  custom:scripting/monoscript/fileName/DragRigidbody.cs: af6487145851a9f92f2704a8e0948d6e -> 
  custom:scripting/monoscript/fileName/SmokeParticles.cs: 5e47247cb641abf97e56ce594b12e84f -> 
  custom:video-decoder-ogg-theora: a1e56fd34408186e4bbccfd4996cb3dc -> 
  custom:scripting/monoscript/fileName/WaterBaseEditor.cs: 716a5ceb078ae0e05ad78839c549060b -> 
  custom:framework-win-MediaFoundation: 216162199b28c13a410421893ffa2e32 -> 
  custom:scripting/monoscript/fileName/AeroplaneAudio.cs: f7f5e167200e1cab79cb101583c0f507 -> 
  custom:scripting/monoscript/fileName/Camera2DFollow.cs: 36b0e7285d6f6f90fc4dbbcbf9fd584d -> 
  custom:scripting/monoscript/fileName/TouchPad.cs: 71af049078ebd826d8919ba90a4412d3 -> 
  custom:scripting/monoscript/fileName/TiltInput.cs: 298cab2ca5ef1ae659d7256d2dbeb1ed -> 
  custom:scripting/monoscript/fileName/RigidbodyFirstPersonController.cs: 303e518c916e9011e00a96a1504f3543 -> 
  custom:scripting/monoscript/fileName/SmoothFollow.cs: a07fd7df12bc7fba739834867140f167 -> 
  custom:scripting/monoscript/fileName/Ball.cs: c405c7c486f8c791b69a838bad56931d -> 
  custom:scripting/monoscript/fileName/ExtinguishableParticleSystem.cs: e4f67cb5c21ad9e1a057261e7518ba44 -> 
  custom:CustomObjectIndexerAttribute: 756ad292c208cfabdd7b50bc23989ffe -> 
  custom:scripting/monoscript/fileName/AICharacterControl.cs: a5d08ec5093687a59363b0e1fe1fbbf8 -> 
  custom:scripting/monoscript/fileName/DynamicShadowSettings.cs: 325596f0baf85da0d965fea14b11bb8b -> 
  custom:scripting/monoscript/fileName/CurveControlledBob.cs: 90e86216bd5f53d9fe3087ae7bf389f1 -> 
  custom:scripting/monoscript/fileName/AutoMobileShaderSwitch.cs: e55bd94d791efdfd8def29f52dc8447b -> 
  custom:scripting/monoscript/fileName/AlphaButtonClickMask.cs: 0e8b09d4b0d299b77424ad90e670a9d2 -> 
  custom:scripting/monoscript/fileName/CarUserControl.cs: 0f9d03ad84d4a18a367e665baa6a78af -> 
  custom:container-demuxer-webm: 4f35f7cbe854078d1ac9338744f61a02 -> 
  custom:scripting/monoscript/fileName/SpecularLightingEditor.cs: 8629f86e1ee9f2e08dfb5eddbab71070 -> 
  custom:scripting/monoscript/fileName/StandaloneInput.cs: 8cfda68f78df3b7dc3040fdb29fc2cd1 -> 
  custom:scripting/monoscript/fileName/CarSelfRighting.cs: 88db1e19f2bf5b2535e6ed223cef213a -> 
  custom:scripting/monoscript/fileName/AbstractTargetFollower.cs: bd8be3102d90dc7625e90c699b9ce143 -> 
  custom:scripting/monoscript/fileName/JetParticleEffect.cs: 9e1d229fcfd5effa5ec55873fa75e9c8 -> 
  custom:scripting/monoscript/fileName/FOVKick.cs: c76896347c620802192507d0a92d05a3 -> 
  custom:scripting/monoscript/fileName/TimedObjectActivator.cs: 25495e754d3d277d8e763837b64bf2ba -> 
  custom:scripting/monoscript/fileName/CameraFollow.cs: a051181a8942461b86eabf953d0b997b -> 
  custom:scripting/monoscript/fileName/AutoCam.cs: 464f4516cbb6dd097ab3ec4329345f37 -> 
  custom:scripting/monoscript/fileName/PivotBasedCameraRig.cs: 78e2e6573322fcc55af450266306de6e -> 
  custom:scripting/monoscript/fileName/WaypointProgressTracker.cs: fb6262ee8f74f6dc3758b58e5ee18955 -> 
  custom:scripting/monoscript/fileName/ThirdPersonCharacter.cs: 2bfe283923f980e64bf82c42cd6513ec -> 
  custom:scripting/monoscript/fileName/WaterEditorUtility.cs: 9e04db570781127f08ded71ac3abac1d -> 
  custom:scripting/monoscript/fileName/SimpleMouseRotator.cs: 9ea47a4777a3a00316a90faf1a6f313d -> 
  custom:container-muxer-webm: aa71ff27fc2769a1b78a27578f13a17b -> 
  custom:scripting/monoscript/fileName/ParticleSystemMultiplier.cs: 8c5eeca5294173db54ffca6ac53ee34e -> 
  custom:scripting/monoscript/fileName/Explosive.cs: a3e9e45cef7576efad31592121584452 -> 
  custom:scripting/monoscript/fileName/TargetFieldOfView.cs: eb0697c079ff84905b5591e4ef59be1b -> 
  custom:video-decoder-webm-vp8: 9c59270c3fd7afecdb556c50c9e8de78 -> 
  custom:scripting/monoscript/fileName/AeroplaneAiControl.cs: 277de552b2c5a95e522df981fffd9b25 -> 
  custom:scripting/monoscript/fileName/CameraRefocus.cs: 2faffd18ce20d29396a11c7a26d00f0b -> 
  custom:scripting/monoscript/fileName/CarAudio.cs: aa1ee0763de0da10633dea358d636dfa -> 
  custom:SearchIndexIgnoredProperties: e643bd26f0fe6173181afceb89e7c659 -> 
  custom:scripting/monoscript/fileName/TimedObjectDestructor.cs: bce1a4bbcc9460c16af8171b93c92130 -> 
  custom:AudioImporter_EditorPlatform: d09bf68614088b80899f8185d706f6e7 -> 
  custom:scripting/monoscript/fileName/MobileControlRig.cs: 3524fff44c8126dee0548f9b6ab19d53 -> 
  custom:scripting/monoscript/fileName/ExplosionFireAndDebris.cs: a4e22a51483f0fec49be7cdf8a5ea062 -> 
  custom:scripting/monoscript/fileName/Mudguard.cs: 9b7eeb35af5a40c2a662dfedda0a637e -> 
  custom:scripting/monoscript/fileName/HandHeldCam.cs: 102feb5496df0ea213d53b52e4ec816a -> 
  custom:scripting/monoscript/fileName/AeroplaneControlSurfaceAnimator.cs: 21c229dceda1b70b2049402b7e25af42 -> 
  custom:scripting/monoscript/fileName/EventSystemChecker.cs: 7bccd0826881aa97be03516a055e060b -> 
  custom:scripting/monoscript/fileName/VirtualInput.cs: e290279061a851c625fb61c863776a94 -> 
  custom:scripting/monoscript/fileName/AeroplaneUserControl2Axis.cs: 14515c9b506eace41dcfe397f462d26c -> 
  custom:scripting/monoscript/fileName/WaterHoseParticles.cs: 89cf57233bfde0071976179e25861599 -> 
  custom:scripting/monoscript/fileName/MouseLook.cs: 1413bf4c672f5aacfd2b457b6378eea6 -> 
  custom:scripting/monoscript/fileName/PlatformerCharacter2D.cs: 4addaf30ee88339a30951d7a983b30f0 -> 
  custom:scripting/monoscript/fileName/FPSCounter.cs: 18dc6752cae0b5546ca4b2dc0c7741f5 -> 
  custom:scripting/monoscript/fileName/LerpControlledBob.cs: e3f8ea665fb8f4533c1004d43455b6e7 -> 
  custom:scripting/monoscript/fileName/ButtonHandler.cs: e27d3f4c7505c394dad450c78dd6faf1 -> 
  custom:scripting/monoscript/fileName/LookatTarget.cs: 9e63da8ebe26cdcba5195c51afad6d64 -> 
  custom:scripting/monoscript/fileName/AeroplaneController.cs: e802841375d991beb572904117152dec -> 
  custom:video-encoder-webm-vp8: eb34c28f22e8b96e1ab97ce403110664 -> 
  custom:scripting/monoscript/fileName/CarController.cs: 3071e90b0c01a2ded2b9094f4cf11779 -> 
  custom:audio-decoder-ogg-vorbis: bf7c407c2cedff20999df2af8eb42d56 -> 
  custom:scripting/monoscript/fileName/AfterburnerPhysicsForce.cs: d44e6931e774df3223b064db5fc768f4 -> 
  custom:scripting/monoscript/fileName/candleflicker.cs: e48633a201484451cc1cc8fd2426594c -> 
  custom:scripting/monoscript/fileName/AeroplanePropellerAnimator.cs: 84bd209e8ba18a6550a24cd77f1667cd -> 
  custom:scripting/monoscript/fileName/AxisTouchButton.cs: 31be56f36d53422fd33aa4f9a14e630a -> 
  custom:scripting/monoscript/fileName/BrakeLight.cs: d9c43423d60272a1a08a7f617ec6b90f -> 
  custom:scripting/monoscript/fileName/FollowTarget.cs: 93be4c02dc2bee8af48e06a6c7c2e042 -> 
  custom:scripting/monoscript/fileName/Suspension.cs: d0fad4d3b288fb340503b94a9a30ea10 -> 
  custom:scripting/monoscript/fileName/FireLight.cs: b74a4fa8a2202d735c0c1ea18b63e4e3 -> 
  custom:scripting/monoscript/fileName/FirstPersonController.cs: 4fa5841f7a7dfdfcf291c3718c4ae3a2 -> 
  custom:scripting/monoscript/fileName/ProtectCameraFromWallClip.cs: ef7fc4ea61944018670342bc7b71227c -> 
  custom:scripting/monoscript/fileName/SkidTrail.cs: 95010d8327f7ec969197e1e10813347d -> 
  custom:scripting/monoscript/fileName/Joystick.cs: b54db918c885c01940a25acda1acd280 -> 
  custom:scripting/monoscript/fileName/BallUserControl.cs: 9743cadab53965ad5e73baf18187d830 -> 
  custom:scripting/monoscript/fileName/FreeLookCam.cs: ec7e447c8320099965c5f3bd81473d66 -> 
  custom:audio-encoder-webm-vorbis: bf7c407c2cedff20999df2af8eb42d56 -> 
  custom:scripting/monoscript/fileName/PlatformSpecificContent.cs: 5abb8e8ef7a06ce1842fe9ff26eac2dd -> 
  custom:scripting/monoscript/fileName/AutoMoveAndRotate.cs: ca0e96f72f32239308122375a052b980 -> 
  custom:scripting/monoscript/fileName/ThirdPersonUserControl.cs: e55dad970175c9485c04ecbb87a3ac80 -> 
  custom:scripting/monoscript/fileName/Hose.cs: c8fd2412a0d6a1fdbc6b0e572bd14e28 -> 
  custom:scripting/monoscript/fileName/HeadBob.cs: fde5c6524c06827dce9419ce121f4f6b -> 
  custom:scripting/monoscript/fileName/ObjectResetter.cs: 037abf2de53ab0026436c32f7a941658 -> 
  custom:scripting/monoscript/fileName/GerstnerDisplaceEditor.cs: 72d35297308bd299cac852a206b722ae -> 
  custom:scripting/monoscript/fileName/Restarter.cs: f04be04f6655050adbb7cd8ed5faf27f -> 
  custom:scripting/monoscript/fileName/Platformer2DUserControl.cs: a50f723067caa1c8938ae9953000bd49 -> 
  custom:scripting/monoscript/fileName/WheelEffects.cs: 3e8d23c4da089aaf7c65f9593b57f775 -> 
